#
# There is insufficient memory for the Java Runtime Environment to continue.
# Native memory allocation (mmap) failed to map 103809024 bytes for Failed to commit area from 0x000000008ba00000 to 0x0000000091d00000 of length 103809024.
# Possible reasons:
#   The system is out of physical RAM or swap space
#   The process is running with CompressedOops enabled, and the Java Heap may be blocking the growth of the native heap
# Possible solutions:
#   Reduce memory load on the system
#   Increase physical memory or swap space
#   Check if swap backing store is full
#   Decrease Java heap size (-Xmx/-Xms)
#   Decrease number of Java threads
#   Decrease Java thread stack sizes (-Xss)
#   Set larger code cache with -XX:ReservedCodeCacheSize=
#   JVM is running with Unscaled Compressed Oops mode in which the Java heap is
#     placed in the first 4GB address space. The Java Heap base address is the
#     maximum limit for the native heap growth. Please use -XX:HeapBaseMinAddress
#     to set the Java Heap base and to place the Java Heap above 4GB virtual address.
# This output file may be truncated or incomplete.
#
#  Out of Memory Error (./src/hotspot/os/windows/os_windows.cpp:3301), pid=532, tid=7436
#
# JRE version: OpenJDK Runtime Environment (11.0.10) (build 11.0.10+0-b96-7249189)
# Java VM: OpenJDK 64-Bit Server VM (11.0.10+0-b96-7249189, mixed mode, tiered, compressed oops, g1 gc, windows-amd64)
# No core dump will be written. Minidumps are not enabled by default on client versions of Windows
#

---------------  S U M M A R Y ------------

Command Line: --add-opens=java.base/java.util=ALL-UNNAMED --add-opens=java.base/java.lang=ALL-UNNAMED --add-opens=java.base/java.lang.invoke=ALL-UNNAMED --add-opens=java.base/java.util=ALL-UNNAMED --add-opens=java.prefs/java.util.prefs=ALL-UNNAMED --add-opens=java.prefs/java.util.prefs=ALL-UNNAMED --add-opens=java.base/java.nio.charset=ALL-UNNAMED --add-opens=java.base/java.net=ALL-UNNAMED --add-opens=java.base/java.util.concurrent.atomic=ALL-UNNAMED -Xmx2048m -Dfile.encoding=UTF-8 -Duser.country=RU -Duser.language=ru -Duser.variant org.gradle.launcher.daemon.bootstrap.GradleDaemon 7.0.2

Host: Intel(R) Core(TM) i5-8265U CPU @ 1.60GHz, 8 cores, 7G,  Windows 10 , 64 bit Build 19041 (10.0.19041.1348)
Time: Tue Feb  1 04:37:52 2022 RTZ 2 (зима) elapsed time: 40.185889 seconds (0d 0h 0m 40s)

---------------  T H R E A D  ---------------

Current thread (0x000001dcc5670800):  VMThread "VM Thread" [stack: 0x0000005a15400000,0x0000005a15500000] [id=7436]

Stack: [0x0000005a15400000,0x0000005a15500000]
[error occurred during error reporting (printing stack bounds), id 0xc0000005, EXCEPTION_ACCESS_VIOLATION (0xc0000005) at pc=0x000001dcae520f2d]

Native frames: (J=compiled Java code, j=interpreted, Vv=VM code, C=native code)
V  [jvm.dll+0x5ecfaa]
V  [jvm.dll+0x722bd5]
V  [jvm.dll+0x72412d]
V  [jvm.dll+0x724745]
V  [jvm.dll+0x7246fb]
V  [jvm.dll+0x5ec348]
V  [jvm.dll+0x5ecad8]
C  [ntdll.dll+0xa20cf]
C  [ntdll.dll+0x51454]
C  [ntdll.dll+0xa0bfe]
C  0x000001dcae520f2d

VM_Operation (0x0000005a1bcfdc90): G1CollectForAllocation, mode: safepoint, requested by thread 0x000001dccdb95000


---------------  P R O C E S S  ---------------

Threads class SMR info:
_java_thread_list=0x000001dcce18d6d0, length=91, elements={
0x000001dca923e000, 0x000001dcc5672800, 0x000001dcc567e000, 0x000001dcc5690000,
0x000001dcc5692000, 0x000001dcc5693800, 0x000001dcc5697000, 0x000001dcc569b000,
0x000001dcc56a1000, 0x000001dcc6177800, 0x000001dcc7eb4000, 0x000001dcc8847000,
0x000001dcc8a0b000, 0x000001dcc7ec1000, 0x000001dcc776d000, 0x000001dcc756b000,
0x000001dcc756c000, 0x000001dcc7567000, 0x000001dcc756d000, 0x000001dcc7568000,
0x000001dcc8cb8800, 0x000001dcc8cba000, 0x000001dcc8cb7800, 0x000001dcc8cb9000,
0x000001dcc8cb5000, 0x000001dcc8cc3000, 0x000001dccdb8d000, 0x000001dccdb8f800,
0x000001dccdb90000, 0x000001dccdb91000, 0x000001dccdb8b800, 0x000001dccf807800,
0x000001dccf80a000, 0x000001dccf808000, 0x000001dccf804000, 0x000001dccf805800,
0x000001dccf80a800, 0x000001dccdb98800, 0x000001dccdb97800, 0x000001dccdb99000,
0x000001dcc74a1800, 0x000001dcc74a1000, 0x000001dcc74a5000, 0x000001dcc749f800,
0x000001dcc74a0000, 0x000001dcc74a7800, 0x000001dcc74a6000, 0x000001dcc74a6800,
0x000001dcc74a8800, 0x000001dcc74a2800, 0x000001dcc74a9000, 0x000001dcc74a3800,
0x000001dcc74a4000, 0x000001dcc74aa000, 0x000001dcc74ac800, 0x000001dcc7572800,
0x000001dccf12e800, 0x000001dcc74aa800, 0x000001dcc74ae000, 0x000001dcc74ab800,
0x000001dcc74ad000, 0x000001dccf806800, 0x000001dccf801800, 0x000001dccf802800,
0x000001dccf809000, 0x000001dccf805000, 0x000001dccf803800, 0x000001dccf80e000,
0x000001dccf80d000, 0x000001dccf80e800, 0x000001dccf80f800, 0x000001dccf810800,
0x000001dccf80b800, 0x000001dccf80c800, 0x000001dcc8cbb000, 0x000001dcc8cbb800,
0x000001dcc8cb6800, 0x000001dcc8cc1800, 0x000001dcc8cbe000, 0x000001dcc8cc2000,
0x000001dcc8cbf800, 0x000001dcc8cbc800, 0x000001dcc8cc0800, 0x000001dccdb92800,
0x000001dccdb94800, 0x000001dccdb93800, 0x000001dccdb8e800, 0x000001dccdb97000,
0x000001dccdb9a000, 0x000001dccdb95000, 0x000001dccdb96000
}

Java Threads: ( => current thread )
  0x000001dca923e000 JavaThread "main" [_thread_blocked, id=6476, stack(0x0000005a14e00000,0x0000005a14f00000)]
  0x000001dcc5672800 JavaThread "Reference Handler" daemon [_thread_blocked, id=4708, stack(0x0000005a15500000,0x0000005a15600000)]
  0x000001dcc567e000 JavaThread "Finalizer" daemon [_thread_blocked, id=10028, stack(0x0000005a15600000,0x0000005a15700000)]
  0x000001dcc5690000 JavaThread "Signal Dispatcher" daemon [_thread_blocked, id=12524, stack(0x0000005a15700000,0x0000005a15800000)]
  0x000001dcc5692000 JavaThread "Attach Listener" daemon [_thread_blocked, id=7064, stack(0x0000005a15800000,0x0000005a15900000)]
  0x000001dcc5693800 JavaThread "Service Thread" daemon [_thread_blocked, id=5508, stack(0x0000005a15900000,0x0000005a15a00000)]
  0x000001dcc5697000 JavaThread "C2 CompilerThread0" daemon [_thread_in_native, id=10368, stack(0x0000005a15a00000,0x0000005a15b00000)]
  0x000001dcc569b000 JavaThread "C1 CompilerThread0" daemon [_thread_blocked, id=14020, stack(0x0000005a15b00000,0x0000005a15c00000)]
  0x000001dcc56a1000 JavaThread "Sweeper thread" daemon [_thread_blocked, id=3164, stack(0x0000005a15c00000,0x0000005a15d00000)]
  0x000001dcc6177800 JavaThread "Common-Cleaner" daemon [_thread_blocked, id=1720, stack(0x0000005a15d00000,0x0000005a15e00000)]
  0x000001dcc7eb4000 JavaThread "Daemon health stats" [_thread_blocked, id=6736, stack(0x0000005a16300000,0x0000005a16400000)]
  0x000001dcc8847000 JavaThread "Incoming local TCP Connector on port 20973" [_thread_in_native, id=9500, stack(0x0000005a15f00000,0x0000005a16000000)]
  0x000001dcc8a0b000 JavaThread "Daemon periodic checks" [_thread_blocked, id=2032, stack(0x0000005a16200000,0x0000005a16300000)]
  0x000001dcc7ec1000 JavaThread "Daemon" [_thread_blocked, id=928, stack(0x0000005a16400000,0x0000005a16500000)]
  0x000001dcc776d000 JavaThread "Daemon worker" [_thread_blocked, id=11572, stack(0x0000005a16800000,0x0000005a16900000)]
  0x000001dcc756b000 JavaThread "Cache worker for file hash cache (C:\Users\aikak\.gradle\caches\7.0.2\fileHashes)" [_thread_blocked, id=9616, stack(0x0000005a17300000,0x0000005a17400000)]
  0x000001dcc756c000 JavaThread "File lock request listener" [_thread_in_native, id=9080, stack(0x0000005a17400000,0x0000005a17500000)]
  0x000001dcc7567000 JavaThread "Cache worker for journal cache (C:\Users\aikak\.gradle\caches\journal-1)" [_thread_blocked, id=8720, stack(0x0000005a17600000,0x0000005a17700000)]
  0x000001dcc756d000 JavaThread "File watcher server" daemon [_thread_blocked, id=8220, stack(0x0000005a17800000,0x0000005a17900000)]
  0x000001dcc7568000 JavaThread "File watcher consumer" daemon [_thread_blocked, id=11636, stack(0x0000005a17900000,0x0000005a17a00000)]
  0x000001dcc8cb8800 JavaThread "Cache worker for execution history cache (C:\Users\aikak\.gradle\caches\7.0.2\executionHistory)" [_thread_blocked, id=5840, stack(0x0000005a17d00000,0x0000005a17e00000)]
  0x000001dcc8cba000 JavaThread "jar transforms" [_thread_blocked, id=8240, stack(0x0000005a17f00000,0x0000005a18000000)]
  0x000001dcc8cb7800 JavaThread "jar transforms Thread 2" [_thread_blocked, id=14164, stack(0x0000005a18000000,0x0000005a18100000)]
  0x000001dcc8cb9000 JavaThread "Cache worker for file content cache (C:\Users\aikak\.gradle\caches\7.0.2\fileContent)" [_thread_blocked, id=12148, stack(0x0000005a18100000,0x0000005a18200000)]
  0x000001dcc8cb5000 JavaThread "jar transforms Thread 3" [_thread_blocked, id=11800, stack(0x0000005a18300000,0x0000005a18400000)]
  0x000001dcc8cc3000 JavaThread "jar transforms Thread 4" [_thread_blocked, id=13460, stack(0x0000005a18d00000,0x0000005a18e00000)]
  0x000001dccdb8d000 JavaThread "jar transforms Thread 5" [_thread_blocked, id=10580, stack(0x0000005a18e00000,0x0000005a18f00000)]
  0x000001dccdb8f800 JavaThread "jar transforms Thread 6" [_thread_blocked, id=916, stack(0x0000005a18f00000,0x0000005a19000000)]
  0x000001dccdb90000 JavaThread "jar transforms Thread 7" [_thread_blocked, id=13696, stack(0x0000005a19000000,0x0000005a19100000)]
  0x000001dccdb91000 JavaThread "jar transforms Thread 8" [_thread_blocked, id=11676, stack(0x0000005a19100000,0x0000005a19200000)]
  0x000001dccdb8b800 JavaThread "Memory manager" [_thread_blocked, id=12528, stack(0x0000005a19200000,0x0000005a19300000)]
  0x000001dccf807800 JavaThread "RMI Scheduler(0)" daemon [_thread_blocked, id=11080, stack(0x0000005a17e00000,0x0000005a17f00000)]
  0x000001dccf80a000 JavaThread "RMI GC Daemon" daemon [_thread_blocked, id=7108, stack(0x0000005a19d00000,0x0000005a19e00000)]
  0x000001dccf808000 JavaThread "RMI TCP Accept-0" daemon [_thread_in_native, id=12408, stack(0x0000005a19e00000,0x0000005a19f00000)]
  0x000001dccf804000 JavaThread "RMI Reaper" [_thread_blocked, id=12008, stack(0x0000005a19f00000,0x0000005a1a000000)]
  0x000001dccf805800 JavaThread "RMI TCP Connection(1)-127.0.0.1" daemon [_thread_in_native, id=5872, stack(0x0000005a1a000000,0x0000005a1a100000)]
  0x000001dccf80a800 JavaThread "Cache worker for Java compile cache (C:\Users\aikak\.gradle\caches\7.0.2\javaCompile)" [_thread_blocked, id=8916, stack(0x0000005a1a200000,0x0000005a1a300000)]
  0x000001dccdb98800 JavaThread "ForkJoinPool.commonPool-worker-3" daemon [_thread_blocked, id=12944, stack(0x0000005a1af00000,0x0000005a1b000000)]
  0x000001dccdb97800 JavaThread "ForkJoinPool.commonPool-worker-5" daemon [_thread_blocked, id=14096, stack(0x0000005a1b000000,0x0000005a1b100000)]
  0x000001dccdb99000 JavaThread "ForkJoinPool.commonPool-worker-7" daemon [_thread_blocked, id=13748, stack(0x0000005a1b100000,0x0000005a1b200000)]
  0x000001dcc74a1800 JavaThread "ForkJoinPool.commonPool-worker-9" daemon [_thread_blocked, id=14068, stack(0x0000005a1b200000,0x0000005a1b300000)]
  0x000001dcc74a1000 JavaThread "ForkJoinPool.commonPool-worker-11" daemon [_thread_blocked, id=9592, stack(0x0000005a1b300000,0x0000005a1b400000)]
  0x000001dcc74a5000 JavaThread "ForkJoinPool.commonPool-worker-13" daemon [_thread_blocked, id=4332, stack(0x0000005a1b400000,0x0000005a1b500000)]
  0x000001dcc749f800 JavaThread "ForkJoinPool.commonPool-worker-15" daemon [_thread_blocked, id=3156, stack(0x0000005a1b500000,0x0000005a1b600000)]
  0x000001dcc74a0000 JavaThread "Handler for socket connection from /127.0.0.1:20973 to /127.0.0.1:20999" [_thread_in_native, id=14300, stack(0x0000005a16600000,0x0000005a16700000)]
  0x000001dcc74a7800 JavaThread "Cancel handler" [_thread_blocked, id=5024, stack(0x0000005a16700000,0x0000005a16800000)]
  0x000001dcc74a6000 JavaThread "Asynchronous log dispatcher for DefaultDaemonConnection: socket connection from /127.0.0.1:20973 to /127.0.0.1:20999" [_thread_blocked, id=6972, stack(0x0000005a16900000,0x0000005a16a00000)]
  0x000001dcc74a6800 JavaThread "Stdin handler" [_thread_blocked, id=1888, stack(0x0000005a16a00000,0x0000005a16b00000)]
  0x000001dcc74a8800 JavaThread "Daemon client event forwarder" [_thread_blocked, id=11820, stack(0x0000005a16b00000,0x0000005a16c00000)]
  0x000001dcc74a2800 JavaThread "Cache worker for file hash cache (C:\Users\aikak\AndroidStudioProjects\GeoQuiz2\.gradle\7.0.2\fileHashes)" [_thread_blocked, id=7796, stack(0x0000005a17700000,0x0000005a17800000)]
  0x000001dcc74a9000 JavaThread "Cache worker for checksums cache (C:\Users\aikak\AndroidStudioProjects\GeoQuiz2\.gradle\checksums)" [_thread_blocked, id=1496, stack(0x0000005a17a00000,0x0000005a17b00000)]
  0x000001dcc74a3800 JavaThread "Cache worker for cache directory md-supplier (C:\Users\aikak\.gradle\caches\7.0.2\md-supplier)" [_thread_blocked, id=10916, stack(0x0000005a17b00000,0x0000005a17c00000)]
  0x000001dcc74a4000 JavaThread "Cache worker for cache directory md-rule (C:\Users\aikak\.gradle\caches\7.0.2\md-rule)" [_thread_blocked, id=11876, stack(0x0000005a17c00000,0x0000005a17d00000)]
  0x000001dcc74aa000 JavaThread "Cache worker for dependencies-accessors (C:\Users\aikak\AndroidStudioProjects\GeoQuiz2\.gradle\7.0.2\dependencies-accessors)" [_thread_blocked, id=8544, stack(0x0000005a18200000,0x0000005a18300000)]
  0x000001dcc74ac800 JavaThread "Cache worker for Build Output Cleanup Cache (C:\Users\aikak\AndroidStudioProjects\GeoQuiz2\.gradle\buildOutputCleanup)" [_thread_blocked, id=8176, stack(0x0000005a18400000,0x0000005a18500000)]
  0x000001dcc7572800 JavaThread "C2 CompilerThread1" daemon [_thread_in_native, id=5324, stack(0x0000005a18500000,0x0000005a18600000)]
  0x000001dccf12e800 JavaThread "C2 CompilerThread2" daemon [_thread_blocked, id=10848, stack(0x0000005a18600000,0x0000005a18700000)]
  0x000001dcc74aa800 JavaThread "Build operations" [_thread_blocked, id=3388, stack(0x0000005a18700000,0x0000005a18800000)]
  0x000001dcc74ae000 JavaThread "Build operations Thread 2" [_thread_blocked, id=9184, stack(0x0000005a18800000,0x0000005a18900000)]
  0x000001dcc74ab800 JavaThread "Build operations Thread 3" [_thread_blocked, id=5008, stack(0x0000005a18900000,0x0000005a18a00000)]
  0x000001dcc74ad000 JavaThread "Build operations Thread 4" [_thread_blocked, id=8992, stack(0x0000005a18a00000,0x0000005a18b00000)]
  0x000001dccf806800 JavaThread "Build operations Thread 5" [_thread_blocked, id=12216, stack(0x0000005a18b00000,0x0000005a18c00000)]
  0x000001dccf801800 JavaThread "Build operations Thread 6" [_thread_blocked, id=1512, stack(0x0000005a18c00000,0x0000005a18d00000)]
  0x000001dccf802800 JavaThread "Build operations Thread 7" [_thread_blocked, id=3024, stack(0x0000005a19300000,0x0000005a19400000)]
  0x000001dccf809000 JavaThread "Build operations Thread 8" [_thread_blocked, id=4268, stack(0x0000005a19400000,0x0000005a19500000)]
  0x000001dccf805000 JavaThread "build event listener" [_thread_blocked, id=12400, stack(0x0000005a19500000,0x0000005a19600000)]
  0x000001dccf803800 JavaThread "Execution worker for ':'" [_thread_blocked, id=3616, stack(0x0000005a19600000,0x0000005a19700000)]
  0x000001dccf80e000 JavaThread "Execution worker for ':' Thread 2" [_thread_blocked, id=1944, stack(0x0000005a19700000,0x0000005a19800000)]
  0x000001dccf80d000 JavaThread "Execution worker for ':' Thread 3" [_thread_blocked, id=12824, stack(0x0000005a19800000,0x0000005a19900000)]
  0x000001dccf80e800 JavaThread "Execution worker for ':' Thread 4" [_thread_blocked, id=4032, stack(0x0000005a19900000,0x0000005a19a00000)]
  0x000001dccf80f800 JavaThread "Execution worker for ':' Thread 5" [_thread_blocked, id=7428, stack(0x0000005a19a00000,0x0000005a19b00000)]
  0x000001dccf810800 JavaThread "Execution worker for ':' Thread 6" [_thread_blocked, id=12228, stack(0x0000005a19b00000,0x0000005a19c00000)]
  0x000001dccf80b800 JavaThread "Execution worker for ':' Thread 7" [_thread_blocked, id=5852, stack(0x0000005a19c00000,0x0000005a19d00000)]
  0x000001dccf80c800 JavaThread "Cache worker for execution history cache (C:\Users\aikak\AndroidStudioProjects\GeoQuiz2\.gradle\7.0.2\executionHistory)" [_thread_blocked, id=12868, stack(0x0000005a1a100000,0x0000005a1a200000)]
  0x000001dcc8cbb000 JavaThread "WorkerExecutor Queue" [_thread_blocked, id=8324, stack(0x0000005a1a300000,0x0000005a1a400000)]
  0x000001dcc8cbb800 JavaThread "WorkerExecutor Queue Thread 2" [_thread_blocked, id=4376, stack(0x0000005a1a400000,0x0000005a1a500000)]
  0x000001dcc8cb6800 JavaThread "WorkerExecutor Queue Thread 3" [_thread_blocked, id=13324, stack(0x0000005a1a500000,0x0000005a1a600000)]
  0x000001dcc8cc1800 JavaThread "WorkerExecutor Queue Thread 4" [_thread_blocked, id=10724, stack(0x0000005a1a600000,0x0000005a1a700000)]
  0x000001dcc8cbe000 JavaThread "WorkerExecutor Queue Thread 5" [_thread_blocked, id=2568, stack(0x0000005a1a700000,0x0000005a1a800000)]
  0x000001dcc8cc2000 JavaThread "WorkerExecutor Queue Thread 6" [_thread_blocked, id=3760, stack(0x0000005a1a800000,0x0000005a1a900000)]
  0x000001dcc8cbf800 JavaThread "WorkerExecutor Queue Thread 7" [_thread_blocked, id=2548, stack(0x0000005a1a900000,0x0000005a1aa00000)]
  0x000001dcc8cbc800 JavaThread "WorkerExecutor Queue Thread 8" [_thread_blocked, id=11576, stack(0x0000005a1aa00000,0x0000005a1ab00000)]
  0x000001dcc8cc0800 JavaThread "WorkerExecutor Queue Thread 9" [_thread_blocked, id=7144, stack(0x0000005a1ab00000,0x0000005a1ac00000)]
  0x000001dccdb92800 JavaThread "ForkJoinPool-1-worker-3" daemon [_thread_blocked, id=10152, stack(0x0000005a1b600000,0x0000005a1b700000)]
  0x000001dccdb94800 JavaThread "ForkJoinPool-1-worker-5" daemon [_thread_blocked, id=8400, stack(0x0000005a1b700000,0x0000005a1b800000)]
  0x000001dccdb93800 JavaThread "ForkJoinPool-1-worker-7" daemon [_thread_blocked, id=8516, stack(0x0000005a1b800000,0x0000005a1b900000)]
  0x000001dccdb8e800 JavaThread "ForkJoinPool-1-worker-9" daemon [_thread_blocked, id=13904, stack(0x0000005a1b900000,0x0000005a1ba00000)]
  0x000001dccdb97000 JavaThread "ForkJoinPool-1-worker-11" daemon [_thread_blocked, id=9196, stack(0x0000005a1ba00000,0x0000005a1bb00000)]
  0x000001dccdb9a000 JavaThread "ForkJoinPool-1-worker-15" daemon [_thread_blocked, id=11432, stack(0x0000005a1bb00000,0x0000005a1bc00000)]
  0x000001dccdb95000 JavaThread "ForkJoinPool-1-worker-13" daemon [_thread_blocked, id=2560, stack(0x0000005a1bc00000,0x0000005a1bd00000)]
  0x000001dccdb96000 JavaThread "ForkJoinPool-1-worker-1" daemon [_thread_blocked, id=10812, stack(0x0000005a1bd00000,0x0000005a1be00000)]

Other Threads:
=>0x000001dcc5670800 VMThread "VM Thread" [stack: 0x0000005a15400000,0x0000005a15500000] [id=7436]
  0x000001dcc61ae800 WatcherThread [stack: 0x0000005a15e00000,0x0000005a15f00000] [id=1804]
  0x000001dca9256000 GCTaskThread "GC Thread#0" [stack: 0x0000005a14f00000,0x0000005a15000000] [id=1504]
  0x000001dcc66aa000 GCTaskThread "GC Thread#1" [stack: 0x0000005a16000000,0x0000005a16100000] [id=12404]
  0x000001dcc65a8000 GCTaskThread "GC Thread#2" [stack: 0x0000005a16100000,0x0000005a16200000] [id=3936]
  0x000001dcc6406800 GCTaskThread "GC Thread#3" [stack: 0x0000005a16c00000,0x0000005a16d00000] [id=13120]
  0x000001dcc82dc800 GCTaskThread "GC Thread#4" [stack: 0x0000005a16d00000,0x0000005a16e00000] [id=10400]
  0x000001dcc72ee800 GCTaskThread "GC Thread#5" [stack: 0x0000005a16e00000,0x0000005a16f00000] [id=9032]
  0x000001dcc72ef800 GCTaskThread "GC Thread#6" [stack: 0x0000005a16f00000,0x0000005a17000000] [id=8444]
  0x000001dcc6f85800 GCTaskThread "GC Thread#7" [stack: 0x0000005a17000000,0x0000005a17100000] [id=2124]
  0x000001dca9287000 ConcurrentGCThread "G1 Main Marker" [stack: 0x0000005a15000000,0x0000005a15100000] [id=13672]
  0x000001dca9289000 ConcurrentGCThread "G1 Conc#0" [stack: 0x0000005a15100000,0x0000005a15200000] [id=7264]
  0x000001dcc7778800 ConcurrentGCThread "G1 Conc#1" [stack: 0x0000005a17500000,0x0000005a17600000] [id=6696]
  0x000001dca9318000 ConcurrentGCThread "G1 Refine#0" [stack: 0x0000005a15200000,0x0000005a15300000] [id=13444]
  0x000001dcc6651000 ConcurrentGCThread "G1 Refine#1" [stack: 0x0000005a17100000,0x0000005a17200000] [id=3988]
  0x000001dcc7e9a800 ConcurrentGCThread "G1 Refine#2" [stack: 0x0000005a17200000,0x0000005a17300000] [id=3984]
  0x000001dcd0e81800 ConcurrentGCThread "G1 Refine#3" [stack: 0x0000005a1be00000,0x0000005a1bf00000] [id=10748]
  0x000001dccc15c800 ConcurrentGCThread "G1 Refine#4" [stack: 0x0000005a1bf00000,0x0000005a1c000000] [id=8972]
  0x000001dcc54c0800 ConcurrentGCThread "G1 Young RemSet Sampling" [stack: 0x0000005a15300000,0x0000005a15400000] [id=12888]

Threads with active compile tasks:
C2 CompilerThread0  40199 16520       4       com.android.tools.r8.dex.b$b::a (10 bytes)
C2 CompilerThread1  40199 15973 %     4       com.android.tools.r8.dex.j::a @ 315 (1038 bytes)
C2 CompilerThread2  40199 16562 %     4       java.util.TimSort::mergeLo @ 153 (659 bytes)

VM state:at safepoint (normal execution)

VM Mutex/Monitor currently owned by a thread:  ([mutex/lock_event])
[0x000001dca92390c0] Threads_lock - owner thread: 0x000001dcc5670800
[0x000001dca9239a50] Heap_lock - owner thread: 0x000001dccdb95000

Heap address: 0x0000000080000000, size: 2048 MB, Compressed Oops mode: 32-bit
Narrow klass base: 0x0000000000000000, Narrow klass shift: 3
Compressed class space size: 1073741824 Address: 0x0000000100000000

Heap:
 garbage-first heap   total 291840K, used 155430K [0x0000000080000000, 0x0000000100000000)
  region size 1024K, 2 young (2048K), 2 survivors (2048K)
 Metaspace       used 114301K, capacity 117394K, committed 119032K, reserved 1150976K
  class space    used 14789K, capacity 15961K, committed 16664K, reserved 1048576K
Heap Regions: E=young(eden), S=young(survivor), O=old, HS=humongous(starts), HC=humongous(continues), CS=collection set, F=free, A=archive, TAMS=top-at-mark-start (previous, next)
|   0|0x0000000080000000, 0x0000000080100000, 0x0000000080100000|100%| O|  |TAMS 0x0000000080100000, 0x0000000080100000| Untracked 
|   1|0x0000000080100000, 0x0000000080200000, 0x0000000080200000|100%| O|  |TAMS 0x0000000080200000, 0x0000000080200000| Untracked 
|   2|0x0000000080200000, 0x0000000080300000, 0x0000000080300000|100%| O|  |TAMS 0x0000000080300000, 0x0000000080300000| Untracked 
|   3|0x0000000080300000, 0x0000000080400000, 0x0000000080400000|100%|HS|  |TAMS 0x0000000080400000, 0x0000000080400000| Complete 
|   4|0x0000000080400000, 0x0000000080500000, 0x0000000080500000|100%|HC|  |TAMS 0x0000000080500000, 0x0000000080500000| Complete 
|   5|0x0000000080500000, 0x0000000080600000, 0x0000000080600000|100%|HC|  |TAMS 0x0000000080600000, 0x0000000080600000| Complete 
|   6|0x0000000080600000, 0x0000000080700000, 0x0000000080700000|100%| O|  |TAMS 0x0000000080700000, 0x0000000080700000| Untracked 
|   7|0x0000000080700000, 0x0000000080800000, 0x0000000080800000|100%| O|  |TAMS 0x0000000080800000, 0x0000000080800000| Untracked 
|   8|0x0000000080800000, 0x0000000080900000, 0x0000000080900000|100%| O|  |TAMS 0x0000000080900000, 0x0000000080900000| Untracked 
|   9|0x0000000080900000, 0x0000000080a00000, 0x0000000080a00000|100%| O|  |TAMS 0x0000000080a00000, 0x0000000080a00000| Untracked 
|  10|0x0000000080a00000, 0x0000000080b00000, 0x0000000080b00000|100%| O|  |TAMS 0x0000000080b00000, 0x0000000080b00000| Untracked 
|  11|0x0000000080b00000, 0x0000000080c00000, 0x0000000080c00000|100%| O|  |TAMS 0x0000000080b00000, 0x0000000080c00000| Untracked 
|  12|0x0000000080c00000, 0x0000000080d00000, 0x0000000080d00000|100%| O|  |TAMS 0x0000000080d00000, 0x0000000080d00000| Untracked 
|  13|0x0000000080d00000, 0x0000000080e00000, 0x0000000080e00000|100%| O|  |TAMS 0x0000000080e00000, 0x0000000080e00000| Untracked 
|  14|0x0000000080e00000, 0x0000000080f00000, 0x0000000080f00000|100%| O|  |TAMS 0x0000000080f00000, 0x0000000080f00000| Untracked 
|  15|0x0000000080f00000, 0x0000000081000000, 0x0000000081000000|100%| O|  |TAMS 0x0000000081000000, 0x0000000081000000| Untracked 
|  16|0x0000000081000000, 0x0000000081100000, 0x0000000081100000|100%| O|  |TAMS 0x0000000081100000, 0x0000000081100000| Untracked 
|  17|0x0000000081100000, 0x0000000081200000, 0x0000000081200000|100%| O|  |TAMS 0x0000000081200000, 0x0000000081200000| Untracked 
|  18|0x0000000081200000, 0x0000000081300000, 0x0000000081300000|100%|HS|  |TAMS 0x0000000081300000, 0x0000000081300000| Complete 
|  19|0x0000000081300000, 0x0000000081400000, 0x0000000081400000|100%| O|  |TAMS 0x0000000081400000, 0x0000000081400000| Untracked 
|  20|0x0000000081400000, 0x0000000081500000, 0x0000000081500000|100%| O|  |TAMS 0x0000000081500000, 0x0000000081500000| Untracked 
|  21|0x0000000081500000, 0x0000000081600000, 0x0000000081600000|100%| O|  |TAMS 0x0000000081600000, 0x0000000081600000| Untracked 
|  22|0x0000000081600000, 0x0000000081700000, 0x0000000081700000|100%| O|  |TAMS 0x0000000081700000, 0x0000000081700000| Untracked 
|  23|0x0000000081700000, 0x0000000081800000, 0x0000000081800000|100%|HS|  |TAMS 0x0000000081800000, 0x0000000081800000| Complete 
|  24|0x0000000081800000, 0x0000000081900000, 0x0000000081900000|100%|HS|  |TAMS 0x0000000081900000, 0x0000000081900000| Complete 
|  25|0x0000000081900000, 0x0000000081a00000, 0x0000000081a00000|100%|HS|  |TAMS 0x0000000081a00000, 0x0000000081a00000| Complete 
|  26|0x0000000081a00000, 0x0000000081b00000, 0x0000000081b00000|100%|HC|  |TAMS 0x0000000081b00000, 0x0000000081b00000| Complete 
|  27|0x0000000081b00000, 0x0000000081c00000, 0x0000000081c00000|100%|HC|  |TAMS 0x0000000081c00000, 0x0000000081c00000| Complete 
|  28|0x0000000081c00000, 0x0000000081d00000, 0x0000000081d00000|100%|HS|  |TAMS 0x0000000081d00000, 0x0000000081d00000| Complete 
|  29|0x0000000081d00000, 0x0000000081e00000, 0x0000000081e00000|100%|HC|  |TAMS 0x0000000081e00000, 0x0000000081e00000| Complete 
|  30|0x0000000081e00000, 0x0000000081f00000, 0x0000000081f00000|100%| O|  |TAMS 0x0000000081f00000, 0x0000000081f00000| Untracked 
|  31|0x0000000081f00000, 0x0000000082000000, 0x0000000082000000|100%| O|  |TAMS 0x0000000082000000, 0x0000000082000000| Untracked 
|  32|0x0000000082000000, 0x0000000082100000, 0x0000000082100000|100%| O|  |TAMS 0x0000000082100000, 0x0000000082100000| Untracked 
|  33|0x0000000082100000, 0x0000000082200000, 0x0000000082200000|100%| O|  |TAMS 0x0000000082200000, 0x0000000082200000| Untracked 
|  34|0x0000000082200000, 0x0000000082300000, 0x0000000082300000|100%| O|  |TAMS 0x0000000082300000, 0x0000000082300000| Untracked 
|  35|0x0000000082300000, 0x0000000082400000, 0x0000000082400000|100%| O|  |TAMS 0x0000000082400000, 0x0000000082400000| Untracked 
|  36|0x0000000082400000, 0x0000000082500000, 0x0000000082500000|100%| O|  |TAMS 0x0000000082500000, 0x0000000082500000| Untracked 
|  37|0x0000000082500000, 0x0000000082600000, 0x0000000082600000|100%| O|  |TAMS 0x0000000082600000, 0x0000000082600000| Untracked 
|  38|0x0000000082600000, 0x0000000082700000, 0x0000000082700000|100%| O|  |TAMS 0x0000000082600000, 0x0000000082700000| Untracked 
|  39|0x0000000082700000, 0x0000000082800000, 0x0000000082800000|100%| O|  |TAMS 0x0000000082800000, 0x0000000082800000| Untracked 
|  40|0x0000000082800000, 0x0000000082900000, 0x0000000082900000|100%| O|  |TAMS 0x0000000082800000, 0x0000000082800000| Untracked 
|  41|0x0000000082900000, 0x0000000082a00000, 0x0000000082a00000|100%| O|  |TAMS 0x0000000082a00000, 0x0000000082a00000| Untracked 
|  42|0x0000000082a00000, 0x0000000082b00000, 0x0000000082b00000|100%| O|  |TAMS 0x0000000082b00000, 0x0000000082b00000| Untracked 
|  43|0x0000000082b00000, 0x0000000082c00000, 0x0000000082c00000|100%| O|  |TAMS 0x0000000082c00000, 0x0000000082c00000| Untracked 
|  44|0x0000000082c00000, 0x0000000082d00000, 0x0000000082d00000|100%| O|  |TAMS 0x0000000082d00000, 0x0000000082d00000| Untracked 
|  45|0x0000000082d00000, 0x0000000082e00000, 0x0000000082e00000|100%| O|  |TAMS 0x0000000082e00000, 0x0000000082e00000| Untracked 
|  46|0x0000000082e00000, 0x0000000082f00000, 0x0000000082f00000|100%| O|  |TAMS 0x0000000082f00000, 0x0000000082f00000| Untracked 
|  47|0x0000000082f00000, 0x0000000083000000, 0x0000000083000000|100%| O|  |TAMS 0x0000000083000000, 0x0000000083000000| Untracked 
|  48|0x0000000083000000, 0x0000000083100000, 0x0000000083100000|100%| O|  |TAMS 0x0000000083100000, 0x0000000083100000| Untracked 
|  49|0x0000000083100000, 0x0000000083200000, 0x0000000083200000|100%| O|  |TAMS 0x0000000083200000, 0x0000000083200000| Untracked 
|  50|0x0000000083200000, 0x0000000083300000, 0x0000000083300000|100%| O|  |TAMS 0x0000000083300000, 0x0000000083300000| Untracked 
|  51|0x0000000083300000, 0x0000000083400000, 0x0000000083400000|100%| O|  |TAMS 0x0000000083400000, 0x0000000083400000| Untracked 
|  52|0x0000000083400000, 0x0000000083500000, 0x0000000083500000|100%| O|  |TAMS 0x0000000083500000, 0x0000000083500000| Untracked 
|  53|0x0000000083500000, 0x0000000083600000, 0x0000000083600000|100%| O|  |TAMS 0x0000000083600000, 0x0000000083600000| Untracked 
|  54|0x0000000083600000, 0x0000000083700000, 0x0000000083700000|100%| O|  |TAMS 0x0000000083700000, 0x0000000083700000| Untracked 
|  55|0x0000000083700000, 0x0000000083800000, 0x0000000083800000|100%| O|  |TAMS 0x0000000083800000, 0x0000000083800000| Untracked 
|  56|0x0000000083800000, 0x0000000083900000, 0x0000000083900000|100%| O|  |TAMS 0x0000000083900000, 0x0000000083900000| Untracked 
|  57|0x0000000083900000, 0x0000000083a00000, 0x0000000083a00000|100%| O|  |TAMS 0x0000000083a00000, 0x0000000083a00000| Untracked 
|  58|0x0000000083a00000, 0x0000000083b00000, 0x0000000083b00000|100%| O|  |TAMS 0x0000000083b00000, 0x0000000083b00000| Untracked 
|  59|0x0000000083b00000, 0x0000000083c00000, 0x0000000083c00000|100%| O|  |TAMS 0x0000000083c00000, 0x0000000083c00000| Untracked 
|  60|0x0000000083c00000, 0x0000000083d00000, 0x0000000083d00000|100%| O|  |TAMS 0x0000000083d00000, 0x0000000083d00000| Untracked 
|  61|0x0000000083d00000, 0x0000000083e00000, 0x0000000083e00000|100%|HS|  |TAMS 0x0000000083d00000, 0x0000000083e00000| Complete 
|  62|0x0000000083e00000, 0x0000000083f00000, 0x0000000083f00000|100%| O|  |TAMS 0x0000000083f00000, 0x0000000083f00000| Untracked 
|  63|0x0000000083f00000, 0x0000000084000000, 0x0000000084000000|100%|HS|  |TAMS 0x0000000084000000, 0x0000000084000000| Complete 
|  64|0x0000000084000000, 0x0000000084100000, 0x0000000084100000|100%| O|  |TAMS 0x0000000084100000, 0x0000000084100000| Untracked 
|  65|0x0000000084100000, 0x0000000084200000, 0x0000000084200000|100%| O|  |TAMS 0x0000000084100000, 0x0000000084100000| Untracked 
|  66|0x0000000084200000, 0x0000000084300000, 0x0000000084300000|100%|HS|  |TAMS 0x0000000084200000, 0x0000000084300000| Complete 
|  67|0x0000000084300000, 0x0000000084400000, 0x0000000084400000|100%| O|  |TAMS 0x0000000084400000, 0x0000000084400000| Untracked 
|  68|0x0000000084400000, 0x0000000084500000, 0x0000000084500000|100%| O|  |TAMS 0x0000000084500000, 0x0000000084500000| Untracked 
|  69|0x0000000084500000, 0x0000000084600000, 0x0000000084600000|100%| O|  |TAMS 0x0000000084600000, 0x0000000084600000| Untracked 
|  70|0x0000000084600000, 0x0000000084700000, 0x0000000084700000|100%| O|  |TAMS 0x0000000084700000, 0x0000000084700000| Untracked 
|  71|0x0000000084700000, 0x0000000084800000, 0x0000000084800000|100%| O|  |TAMS 0x0000000084700000, 0x0000000084800000| Untracked 
|  72|0x0000000084800000, 0x0000000084900000, 0x0000000084900000|100%| O|  |TAMS 0x0000000084900000, 0x0000000084900000| Untracked 
|  73|0x0000000084900000, 0x0000000084a00000, 0x0000000084a00000|100%| O|  |TAMS 0x0000000084a00000, 0x0000000084a00000| Untracked 
|  74|0x0000000084a00000, 0x0000000084b00000, 0x0000000084b00000|100%| O|  |TAMS 0x0000000084b00000, 0x0000000084b00000| Untracked 
|  75|0x0000000084b00000, 0x0000000084c00000, 0x0000000084c00000|100%| O|  |TAMS 0x0000000084c00000, 0x0000000084c00000| Untracked 
|  76|0x0000000084c00000, 0x0000000084d00000, 0x0000000084d00000|100%| O|  |TAMS 0x0000000084d00000, 0x0000000084d00000| Untracked 
|  77|0x0000000084d00000, 0x0000000084e00000, 0x0000000084e00000|100%| O|  |TAMS 0x0000000084e00000, 0x0000000084e00000| Untracked 
|  78|0x0000000084e00000, 0x0000000084f00000, 0x0000000084f00000|100%| O|  |TAMS 0x0000000084f00000, 0x0000000084f00000| Untracked 
|  79|0x0000000084f00000, 0x0000000084f2e400, 0x0000000085000000| 18%| O|  |TAMS 0x0000000084f00000, 0x0000000084f00000| Untracked 
|  80|0x0000000085000000, 0x0000000085100000, 0x0000000085100000|100%| O|  |TAMS 0x0000000085100000, 0x0000000085100000| Untracked 
|  81|0x0000000085100000, 0x0000000085100000, 0x0000000085200000|  0%| F|  |TAMS 0x0000000085100000, 0x0000000085100000| Untracked 
|  82|0x0000000085200000, 0x0000000085200000, 0x0000000085300000|  0%| F|  |TAMS 0x0000000085200000, 0x0000000085200000| Untracked 
|  83|0x0000000085300000, 0x0000000085400000, 0x0000000085400000|100%| O|  |TAMS 0x0000000085400000, 0x0000000085400000| Untracked 
|  84|0x0000000085400000, 0x0000000085400000, 0x0000000085500000|  0%| F|  |TAMS 0x0000000085400000, 0x0000000085400000| Untracked 
|  85|0x0000000085500000, 0x0000000085600000, 0x0000000085600000|100%| O|  |TAMS 0x0000000085600000, 0x0000000085600000| Untracked 
|  86|0x0000000085600000, 0x0000000085700000, 0x0000000085700000|100%| O|  |TAMS 0x0000000085700000, 0x0000000085700000| Untracked 
|  87|0x0000000085700000, 0x0000000085800000, 0x0000000085800000|100%| O|  |TAMS 0x0000000085800000, 0x0000000085800000| Untracked 
|  88|0x0000000085800000, 0x0000000085900000, 0x0000000085900000|100%| O|  |TAMS 0x0000000085900000, 0x0000000085900000| Untracked 
|  89|0x0000000085900000, 0x0000000085a00000, 0x0000000085a00000|100%| O|  |TAMS 0x0000000085a00000, 0x0000000085a00000| Untracked 
|  90|0x0000000085a00000, 0x0000000085b00000, 0x0000000085b00000|100%| O|  |TAMS 0x0000000085b00000, 0x0000000085b00000| Untracked 
|  91|0x0000000085b00000, 0x0000000085c00000, 0x0000000085c00000|100%| O|  |TAMS 0x0000000085c00000, 0x0000000085c00000| Untracked 
|  92|0x0000000085c00000, 0x0000000085d00000, 0x0000000085d00000|100%| O|  |TAMS 0x0000000085d00000, 0x0000000085d00000| Untracked 
|  93|0x0000000085d00000, 0x0000000085e00000, 0x0000000085e00000|100%| O|  |TAMS 0x0000000085e00000, 0x0000000085e00000| Untracked 
|  94|0x0000000085e00000, 0x0000000085f00000, 0x0000000085f00000|100%| O|  |TAMS 0x0000000085f00000, 0x0000000085f00000| Untracked 
|  95|0x0000000085f00000, 0x0000000086000000, 0x0000000086000000|100%| O|  |TAMS 0x0000000086000000, 0x0000000086000000| Untracked 
|  96|0x0000000086000000, 0x0000000086100000, 0x0000000086100000|100%|HS|  |TAMS 0x0000000086100000, 0x0000000086100000| Complete 
|  97|0x0000000086100000, 0x0000000086200000, 0x0000000086200000|100%|HC|  |TAMS 0x0000000086200000, 0x0000000086200000| Complete 
|  98|0x0000000086200000, 0x0000000086300000, 0x0000000086300000|100%|HC|  |TAMS 0x0000000086300000, 0x0000000086300000| Complete 
|  99|0x0000000086300000, 0x0000000086400000, 0x0000000086400000|100%|HS|  |TAMS 0x0000000086400000, 0x0000000086400000| Complete 
| 100|0x0000000086400000, 0x0000000086500000, 0x0000000086500000|100%| O|  |TAMS 0x0000000086500000, 0x0000000086500000| Untracked 
| 101|0x0000000086500000, 0x0000000086600000, 0x0000000086600000|100%| O|  |TAMS 0x0000000086500000, 0x0000000086600000| Untracked 
| 102|0x0000000086600000, 0x0000000086700000, 0x0000000086700000|100%| O|  |TAMS 0x0000000086700000, 0x0000000086700000| Untracked 
| 103|0x0000000086700000, 0x0000000086800000, 0x0000000086800000|100%| O|  |TAMS 0x0000000086800000, 0x0000000086800000| Untracked 
| 104|0x0000000086800000, 0x0000000086900000, 0x0000000086900000|100%| O|  |TAMS 0x0000000086900000, 0x0000000086900000| Untracked 
| 105|0x0000000086900000, 0x0000000086a00000, 0x0000000086a00000|100%|HS|  |TAMS 0x0000000086900000, 0x0000000086a00000| Complete 
| 106|0x0000000086a00000, 0x0000000086b00000, 0x0000000086b00000|100%| O|  |TAMS 0x0000000086a00000, 0x0000000086b00000| Untracked 
| 107|0x0000000086b00000, 0x0000000086c00000, 0x0000000086c00000|100%| O|  |TAMS 0x0000000086b00000, 0x0000000086c00000| Untracked 
| 108|0x0000000086c00000, 0x0000000086d00000, 0x0000000086d00000|100%| O|  |TAMS 0x0000000086d00000, 0x0000000086d00000| Untracked 
| 109|0x0000000086d00000, 0x0000000086e00000, 0x0000000086e00000|100%| O|  |TAMS 0x0000000086d00000, 0x0000000086e00000| Untracked 
| 110|0x0000000086e00000, 0x0000000086f00000, 0x0000000086f00000|100%| O|  |TAMS 0x0000000086f00000, 0x0000000086f00000| Untracked 
| 111|0x0000000086f00000, 0x0000000087000000, 0x0000000087000000|100%| O|  |TAMS 0x0000000087000000, 0x0000000087000000| Untracked 
| 112|0x0000000087000000, 0x0000000087100000, 0x0000000087100000|100%| O|  |TAMS 0x0000000087100000, 0x0000000087100000| Untracked 
| 113|0x0000000087100000, 0x0000000087200000, 0x0000000087200000|100%| O|  |TAMS 0x0000000087200000, 0x0000000087200000| Untracked 
| 114|0x0000000087200000, 0x0000000087300000, 0x0000000087300000|100%| O|  |TAMS 0x0000000087300000, 0x0000000087300000| Untracked 
| 115|0x0000000087300000, 0x0000000087400000, 0x0000000087400000|100%| O|  |TAMS 0x0000000087400000, 0x0000000087400000| Untracked 
| 116|0x0000000087400000, 0x0000000087500000, 0x0000000087500000|100%| O|  |TAMS 0x0000000087500000, 0x0000000087500000| Untracked 
| 117|0x0000000087500000, 0x0000000087600000, 0x0000000087600000|100%| O|  |TAMS 0x0000000087600000, 0x0000000087600000| Untracked 
| 118|0x0000000087600000, 0x0000000087700000, 0x0000000087700000|100%| O|  |TAMS 0x0000000087700000, 0x0000000087700000| Untracked 
| 119|0x0000000087700000, 0x0000000087800000, 0x0000000087800000|100%| O|  |TAMS 0x0000000087800000, 0x0000000087800000| Untracked 
| 120|0x0000000087800000, 0x0000000087900000, 0x0000000087900000|100%| O|  |TAMS 0x0000000087900000, 0x0000000087900000| Untracked 
| 121|0x0000000087900000, 0x0000000087a00000, 0x0000000087a00000|100%| O|  |TAMS 0x0000000087a00000, 0x0000000087a00000| Untracked 
| 122|0x0000000087a00000, 0x0000000087a00000, 0x0000000087b00000|  0%| F|  |TAMS 0x0000000087a00000, 0x0000000087a00000| Untracked 
| 123|0x0000000087b00000, 0x0000000087c00000, 0x0000000087c00000|100%| O|  |TAMS 0x0000000087b00000, 0x0000000087c00000| Untracked 
| 124|0x0000000087c00000, 0x0000000087d00000, 0x0000000087d00000|100%| O|  |TAMS 0x0000000087d00000, 0x0000000087d00000| Untracked 
| 125|0x0000000087d00000, 0x0000000087e00000, 0x0000000087e00000|100%| O|  |TAMS 0x0000000087e00000, 0x0000000087e00000| Untracked 
| 126|0x0000000087e00000, 0x0000000087f00000, 0x0000000087f00000|100%| O|  |TAMS 0x0000000087f00000, 0x0000000087f00000| Untracked 
| 127|0x0000000087f00000, 0x0000000087f00000, 0x0000000088000000|  0%| F|  |TAMS 0x0000000087f00000, 0x0000000087f00000| Untracked 
| 128|0x0000000088000000, 0x0000000088000000, 0x0000000088100000|  0%| F|  |TAMS 0x0000000088000000, 0x0000000088000000| Untracked 
| 129|0x0000000088100000, 0x0000000088200000, 0x0000000088200000|100%| O|  |TAMS 0x0000000088200000, 0x0000000088200000| Untracked 
| 130|0x0000000088200000, 0x0000000088300000, 0x0000000088300000|100%| O|  |TAMS 0x0000000088300000, 0x0000000088300000| Untracked 
| 131|0x0000000088300000, 0x0000000088400000, 0x0000000088400000|100%| O|  |TAMS 0x0000000088400000, 0x0000000088400000| Untracked 
| 132|0x0000000088400000, 0x0000000088500000, 0x0000000088500000|100%| O|  |TAMS 0x0000000088500000, 0x0000000088500000| Untracked 
| 133|0x0000000088500000, 0x0000000088600000, 0x0000000088600000|100%| O|  |TAMS 0x0000000088600000, 0x0000000088600000| Untracked 
| 134|0x0000000088600000, 0x0000000088600000, 0x0000000088700000|  0%| F|  |TAMS 0x0000000088600000, 0x0000000088600000| Untracked 
| 135|0x0000000088700000, 0x0000000088800000, 0x0000000088800000|100%| O|  |TAMS 0x0000000088700000, 0x0000000088800000| Untracked 
| 136|0x0000000088800000, 0x0000000088900000, 0x0000000088900000|100%| O|  |TAMS 0x0000000088900000, 0x0000000088900000| Untracked 
| 137|0x0000000088900000, 0x0000000088900000, 0x0000000088a00000|  0%| F|  |TAMS 0x0000000088900000, 0x0000000088900000| Untracked 
| 138|0x0000000088a00000, 0x0000000088b00000, 0x0000000088b00000|100%|HS|  |TAMS 0x0000000088b00000, 0x0000000088b00000| Complete 
| 139|0x0000000088b00000, 0x0000000088c00000, 0x0000000088c00000|100%|HS|  |TAMS 0x0000000088c00000, 0x0000000088c00000| Complete 
| 140|0x0000000088c00000, 0x0000000088d00000, 0x0000000088d00000|100%| O|  |TAMS 0x0000000088d00000, 0x0000000088d00000| Untracked 
| 141|0x0000000088d00000, 0x0000000088e00000, 0x0000000088e00000|100%| O|  |TAMS 0x0000000088e00000, 0x0000000088e00000| Untracked 
| 142|0x0000000088e00000, 0x0000000088f00000, 0x0000000088f00000|100%| O|  |TAMS 0x0000000088f00000, 0x0000000088f00000| Untracked 
| 143|0x0000000088f00000, 0x0000000089000000, 0x0000000089000000|100%| O|  |TAMS 0x0000000088fde000, 0x0000000089000000| Untracked 
| 144|0x0000000089000000, 0x0000000089100000, 0x0000000089100000|100%| O|  |TAMS 0x0000000089000000, 0x0000000089100000| Untracked 
| 145|0x0000000089100000, 0x0000000089200000, 0x0000000089200000|100%| O|  |TAMS 0x0000000089100000, 0x0000000089200000| Untracked 
| 146|0x0000000089200000, 0x0000000089300000, 0x0000000089300000|100%| O|  |TAMS 0x0000000089200000, 0x0000000089300000| Untracked 
| 147|0x0000000089300000, 0x0000000089400000, 0x0000000089400000|100%| O|  |TAMS 0x0000000089300000, 0x0000000089400000| Untracked 
| 148|0x0000000089400000, 0x0000000089500000, 0x0000000089500000|100%| O|  |TAMS 0x0000000089400000, 0x0000000089500000| Untracked 
| 149|0x0000000089500000, 0x0000000089600000, 0x0000000089600000|100%| O|  |TAMS 0x0000000089500000, 0x0000000089600000| Untracked 
| 150|0x0000000089600000, 0x0000000089700000, 0x0000000089700000|100%| O|  |TAMS 0x0000000089600000, 0x0000000089700000| Untracked 
| 151|0x0000000089700000, 0x0000000089800000, 0x0000000089800000|100%|HS|  |TAMS 0x0000000089700000, 0x0000000089700000| Complete 
| 152|0x0000000089800000, 0x0000000089900000, 0x0000000089900000|100%|HC|  |TAMS 0x0000000089800000, 0x0000000089800000| Complete 
| 153|0x0000000089900000, 0x0000000089a00000, 0x0000000089a00000|100%|HC|  |TAMS 0x0000000089900000, 0x0000000089900000| Complete 
| 154|0x0000000089a00000, 0x0000000089b00000, 0x0000000089b00000|100%|HC|  |TAMS 0x0000000089a00000, 0x0000000089a00000| Complete 
| 155|0x0000000089b00000, 0x0000000089c00000, 0x0000000089c00000|100%|HC|  |TAMS 0x0000000089b00000, 0x0000000089b00000| Complete 
| 156|0x0000000089c00000, 0x0000000089c00000, 0x0000000089d00000|  0%| F|  |TAMS 0x0000000089c00000, 0x0000000089c00000| Untracked 
| 157|0x0000000089d00000, 0x0000000089d00000, 0x0000000089e00000|  0%| F|  |TAMS 0x0000000089d00000, 0x0000000089d00000| Untracked 
| 158|0x0000000089e00000, 0x0000000089e00000, 0x0000000089f00000|  0%| F|  |TAMS 0x0000000089e00000, 0x0000000089e00000| Untracked 
| 159|0x0000000089f00000, 0x0000000089f00000, 0x000000008a000000|  0%| F|  |TAMS 0x0000000089f00000, 0x0000000089f00000| Untracked 
| 160|0x000000008a000000, 0x000000008a000000, 0x000000008a100000|  0%| F|  |TAMS 0x000000008a000000, 0x000000008a000000| Untracked 
| 161|0x000000008a100000, 0x000000008a100000, 0x000000008a200000|  0%| F|  |TAMS 0x000000008a100000, 0x000000008a100000| Untracked 
| 162|0x000000008a200000, 0x000000008a200000, 0x000000008a300000|  0%| F|  |TAMS 0x000000008a200000, 0x000000008a200000| Untracked 
| 163|0x000000008a300000, 0x000000008a300000, 0x000000008a400000|  0%| F|  |TAMS 0x000000008a300000, 0x000000008a300000| Untracked 
| 164|0x000000008a400000, 0x000000008a400000, 0x000000008a500000|  0%| F|  |TAMS 0x000000008a400000, 0x000000008a400000| Untracked 
| 165|0x000000008a500000, 0x000000008a500000, 0x000000008a600000|  0%| F|  |TAMS 0x000000008a500000, 0x000000008a500000| Untracked 
| 166|0x000000008a600000, 0x000000008a600000, 0x000000008a700000|  0%| F|  |TAMS 0x000000008a600000, 0x000000008a600000| Untracked 
| 167|0x000000008a700000, 0x000000008a700000, 0x000000008a800000|  0%| F|  |TAMS 0x000000008a700000, 0x000000008a700000| Untracked 
| 168|0x000000008a800000, 0x000000008a89b6c8, 0x000000008a900000| 60%| S|CS|TAMS 0x000000008a800000, 0x000000008a800000| Complete 
| 169|0x000000008a900000, 0x000000008aa00000, 0x000000008aa00000|100%| S|CS|TAMS 0x000000008a900000, 0x000000008a900000| Complete 
| 170|0x000000008aa00000, 0x000000008aa00000, 0x000000008ab00000|  0%| F|  |TAMS 0x000000008aa00000, 0x000000008aa00000| Untracked 
| 171|0x000000008ab00000, 0x000000008ab00000, 0x000000008ac00000|  0%| F|  |TAMS 0x000000008ab00000, 0x000000008ab00000| Untracked 
| 172|0x000000008ac00000, 0x000000008ac00000, 0x000000008ad00000|  0%| F|  |TAMS 0x000000008ac00000, 0x000000008ac00000| Untracked 
| 173|0x000000008ad00000, 0x000000008ad00000, 0x000000008ae00000|  0%| F|  |TAMS 0x000000008ad00000, 0x000000008ad00000| Untracked 
| 174|0x000000008ae00000, 0x000000008ae00000, 0x000000008af00000|  0%| F|  |TAMS 0x000000008ae00000, 0x000000008ae00000| Untracked 
| 175|0x000000008af00000, 0x000000008af00000, 0x000000008b000000|  0%| F|  |TAMS 0x000000008af00000, 0x000000008af00000| Untracked 
| 176|0x000000008b000000, 0x000000008b000000, 0x000000008b100000|  0%| F|  |TAMS 0x000000008b000000, 0x000000008b000000| Untracked 
| 177|0x000000008b100000, 0x000000008b100000, 0x000000008b200000|  0%| F|  |TAMS 0x000000008b100000, 0x000000008b100000| Untracked 
| 178|0x000000008b200000, 0x000000008b200000, 0x000000008b300000|  0%| F|  |TAMS 0x000000008b200000, 0x000000008b200000| Untracked 
| 179|0x000000008b300000, 0x000000008b300000, 0x000000008b400000|  0%| F|  |TAMS 0x000000008b300000, 0x000000008b300000| Untracked 
| 180|0x000000008b400000, 0x000000008b400000, 0x000000008b500000|  0%| F|  |TAMS 0x000000008b400000, 0x000000008b400000| Untracked 
| 181|0x000000008b500000, 0x000000008b500000, 0x000000008b600000|  0%| F|  |TAMS 0x000000008b500000, 0x000000008b500000| Untracked 
| 182|0x000000008b600000, 0x000000008b600000, 0x000000008b700000|  0%| F|  |TAMS 0x000000008b600000, 0x000000008b600000| Untracked 
| 183|0x000000008b700000, 0x000000008b800000, 0x000000008b800000|100%| O|  |TAMS 0x000000008b800000, 0x000000008b800000| Untracked 
| 184|0x000000008b800000, 0x000000008b900000, 0x000000008b900000|100%| O|  |TAMS 0x000000008b900000, 0x000000008b900000| Untracked 
| 185|0x000000008b900000, 0x000000008ba00000, 0x000000008ba00000|100%| O|  |TAMS 0x000000008ba00000, 0x000000008ba00000| Untracked 

Card table byte_map: [0x000001dcbe390000,0x000001dcbe790000] _byte_map_base: 0x000001dcbdf90000

Marking Bits (Prev, Next): (CMBitMap*) 0x000001dca927e270, (CMBitMap*) 0x000001dca927e238
 Prev Bits: [0x000001dcc0b90000, 0x000001dcc2b90000)
 Next Bits: [0x000001dcbeb90000, 0x000001dcc0b90000)

Polling page: 0x000001dca9320000

Metaspace:

Usage:
  Non-class:     99.06 MB capacity,    97.18 MB ( 98%) used,     1.51 MB (  2%) free+waste,   373.13 KB ( <1%) overhead. 
      Class:     15.59 MB capacity,    14.44 MB ( 93%) used,  1004.52 KB (  6%) free+waste,   166.63 KB (  1%) overhead. 
       Both:    114.64 MB capacity,   111.62 MB ( 97%) used,     2.49 MB (  2%) free+waste,   539.75 KB ( <1%) overhead. 

Virtual space:
  Non-class space:      100.00 MB reserved,      99.97 MB (>99%) committed 
      Class space:        1.00 GB reserved,      16.27 MB (  2%) committed 
             Both:        1.10 GB reserved,     116.24 MB ( 10%) committed 

Chunk freelists:
   Non-Class:  871.00 KB
       Class:  583.00 KB
        Both:  1.42 MB

MaxMetaspaceSize: 17179869184.00 GB
CompressedClassSpaceSize: 1.00 GB

CodeHeap 'non-profiled nmethods': size=120000Kb used=9717Kb max_used=9717Kb free=110282Kb
 bounds [0x000001dcb5ff0000, 0x000001dcb6970000, 0x000001dcbd520000]
CodeHeap 'profiled nmethods': size=120000Kb used=35668Kb max_used=35668Kb free=84331Kb
 bounds [0x000001dcaeac0000, 0x000001dcb0da0000, 0x000001dcb5ff0000]
CodeHeap 'non-nmethods': size=5760Kb used=2367Kb max_used=2470Kb free=3392Kb
 bounds [0x000001dcae520000, 0x000001dcae7a0000, 0x000001dcaeac0000]
 total_blobs=17486 nmethods=16484 adapters=913
 compilation: enabled
              stopped_count=0, restarted_count=0
 full_count=0

Compilation events (20 events):
Event: 40.171 Thread 0x000001dcc569b000 16694       2       com.android.tools.r8.internal.e9::b (16 bytes)
Event: 40.171 Thread 0x000001dcc569b000 nmethod 16694 0x000001dcb0d92890 code [0x000001dcb0d92a60, 0x000001dcb0d92bb8]
Event: 40.171 Thread 0x000001dcc569b000 16705       2       com.android.tools.r8.graph.G$b::a (14 bytes)
Event: 40.171 Thread 0x000001dcc569b000 nmethod 16705 0x000001dcb0d92c90 code [0x000001dcb0d92e80, 0x000001dcb0d93088]
Event: 40.171 Thread 0x000001dcc569b000 16704       2       com.android.tools.r8.graph.G$a::a (14 bytes)
Event: 40.171 Thread 0x000001dcc569b000 nmethod 16704 0x000001dcb0d93210 code [0x000001dcb0d93400, 0x000001dcb0d93608]
Event: 40.172 Thread 0x000001dcc569b000 16707       2       com.android.tools.r8.internal.e9::c (25 bytes)
Event: 40.172 Thread 0x000001dcc569b000 nmethod 16707 0x000001dcb0d93790 code [0x000001dcb0d93960, 0x000001dcb0d93ae8]
Event: 40.172 Thread 0x000001dcc569b000 16692       2       com.android.tools.r8.internal.e9::d (25 bytes)
Event: 40.172 Thread 0x000001dcc569b000 nmethod 16692 0x000001dcb0d93c10 code [0x000001dcb0d93de0, 0x000001dcb0d93f68]
Event: 40.172 Thread 0x000001dcc569b000 16709       2       com.android.tools.r8.graph.G$e::a (15 bytes)
Event: 40.172 Thread 0x000001dcc569b000 nmethod 16709 0x000001dcb0d94090 code [0x000001dcb0d94280, 0x000001dcb0d94488]
Event: 40.172 Thread 0x000001dcc569b000 16688       2       com.android.tools.r8.internal.No::c (23 bytes)
Event: 40.172 Thread 0x000001dcc569b000 nmethod 16688 0x000001dcb0d94610 code [0x000001dcb0d947c0, 0x000001dcb0d948e8]
Event: 40.172 Thread 0x000001dcc569b000 16689       2       com.android.tools.r8.graph.E$b$a::a (9 bytes)
Event: 40.172 Thread 0x000001dcc569b000 nmethod 16689 0x000001dcb0d94990 code [0x000001dcb0d94b40, 0x000001dcb0d94c68]
Event: 40.172 Thread 0x000001dcc569b000 16690       1       com.android.tools.r8.code.J::w (2 bytes)
Event: 40.172 Thread 0x000001dcc569b000 nmethod 16690 0x000001dcb696d410 code [0x000001dcb696d5c0, 0x000001dcb696d678]
Event: 40.175 Thread 0x000001dcc569b000 16715       2       com.android.tools.r8.internal.h8::a (6 bytes)
Event: 40.176 Thread 0x000001dcc569b000 nmethod 16715 0x000001dcb0d94d10 code [0x000001dcb0d94ec0, 0x000001dcb0d94ff8]

GC Heap History (20 events):
Event: 38.973 GC heap after
{Heap after GC invocations=34 (full 0):
 garbage-first heap   total 190464K, used 127240K [0x0000000080000000, 0x0000000100000000)
  region size 1024K, 2 young (2048K), 2 survivors (2048K)
 Metaspace       used 113885K, capacity 116967K, committed 118776K, reserved 1150976K
  class space    used 14772K, capacity 15948K, committed 16664K, reserved 1048576K
}
Event: 39.083 GC heap before
{Heap before GC invocations=34 (full 0):
 garbage-first heap   total 190464K, used 151816K [0x0000000080000000, 0x0000000100000000)
  region size 1024K, 27 young (27648K), 2 survivors (2048K)
 Metaspace       used 113919K, capacity 117034K, committed 118776K, reserved 1150976K
  class space    used 14772K, capacity 15948K, committed 16664K, reserved 1048576K
}
Event: 39.098 GC heap after
{Heap after GC invocations=35 (full 0):
 garbage-first heap   total 190464K, used 140288K [0x0000000080000000, 0x0000000100000000)
  region size 1024K, 4 young (4096K), 4 survivors (4096K)
 Metaspace       used 113919K, capacity 117034K, committed 118776K, reserved 1150976K
  class space    used 14772K, capacity 15948K, committed 16664K, reserved 1048576K
}
Event: 39.245 GC heap before
{Heap before GC invocations=35 (full 0):
 garbage-first heap   total 190464K, used 156672K [0x0000000080000000, 0x0000000100000000)
  region size 1024K, 20 young (20480K), 4 survivors (4096K)
 Metaspace       used 114051K, capacity 117195K, committed 119032K, reserved 1150976K
  class space    used 14777K, capacity 15952K, committed 16664K, reserved 1048576K
}
Event: 39.256 GC heap after
{Heap after GC invocations=36 (full 0):
 garbage-first heap   total 190464K, used 144072K [0x0000000080000000, 0x0000000100000000)
  region size 1024K, 3 young (3072K), 3 survivors (3072K)
 Metaspace       used 114051K, capacity 117195K, committed 119032K, reserved 1150976K
  class space    used 14777K, capacity 15952K, committed 16664K, reserved 1048576K
}
Event: 39.430 GC heap before
{Heap before GC invocations=37 (full 0):
 garbage-first heap   total 190464K, used 157384K [0x0000000080000000, 0x0000000100000000)
  region size 1024K, 17 young (17408K), 3 survivors (3072K)
 Metaspace       used 114091K, capacity 117257K, committed 119032K, reserved 1150976K
  class space    used 14776K, capacity 15950K, committed 16664K, reserved 1048576K
}
Event: 39.440 GC heap after
{Heap after GC invocations=38 (full 0):
 garbage-first heap   total 190464K, used 146784K [0x0000000080000000, 0x0000000100000000)
  region size 1024K, 3 young (3072K), 3 survivors (3072K)
 Metaspace       used 114091K, capacity 117257K, committed 119032K, reserved 1150976K
  class space    used 14776K, capacity 15950K, committed 16664K, reserved 1048576K
}
Event: 39.495 GC heap before
{Heap before GC invocations=38 (full 0):
 garbage-first heap   total 190464K, used 154976K [0x0000000080000000, 0x0000000100000000)
  region size 1024K, 9 young (9216K), 3 survivors (3072K)
 Metaspace       used 114093K, capacity 117257K, committed 119032K, reserved 1150976K
  class space    used 14776K, capacity 15950K, committed 16664K, reserved 1048576K
}
Event: 39.503 GC heap after
{Heap after GC invocations=39 (full 0):
 garbage-first heap   total 190464K, used 146028K [0x0000000080000000, 0x0000000100000000)
  region size 1024K, 1 young (1024K), 1 survivors (1024K)
 Metaspace       used 114093K, capacity 117257K, committed 119032K, reserved 1150976K
  class space    used 14776K, capacity 15950K, committed 16664K, reserved 1048576K
}
Event: 39.595 GC heap before
{Heap before GC invocations=39 (full 0):
 garbage-first heap   total 190464K, used 151148K [0x0000000080000000, 0x0000000100000000)
  region size 1024K, 8 young (8192K), 1 survivors (1024K)
 Metaspace       used 114128K, capacity 117260K, committed 119032K, reserved 1150976K
  class space    used 14776K, capacity 15950K, committed 16664K, reserved 1048576K
}
Event: 39.600 GC heap after
{Heap after GC invocations=40 (full 0):
 garbage-first heap   total 190464K, used 147236K [0x0000000080000000, 0x0000000100000000)
  region size 1024K, 2 young (2048K), 2 survivors (2048K)
 Metaspace       used 114128K, capacity 117260K, committed 119032K, reserved 1150976K
  class space    used 14776K, capacity 15950K, committed 16664K, reserved 1048576K
}
Event: 39.802 GC heap before
{Heap before GC invocations=40 (full 0):
 garbage-first heap   total 190464K, used 157476K [0x0000000080000000, 0x0000000100000000)
  region size 1024K, 15 young (15360K), 2 survivors (2048K)
 Metaspace       used 114136K, capacity 117256K, committed 119032K, reserved 1150976K
  class space    used 14776K, capacity 15948K, committed 16664K, reserved 1048576K
}
Event: 39.807 GC heap after
{Heap after GC invocations=41 (full 0):
 garbage-first heap   total 190464K, used 145739K [0x0000000080000000, 0x0000000100000000)
  region size 1024K, 2 young (2048K), 2 survivors (2048K)
 Metaspace       used 114136K, capacity 117256K, committed 119032K, reserved 1150976K
  class space    used 14776K, capacity 15948K, committed 16664K, reserved 1048576K
}
Event: 39.975 GC heap before
{Heap before GC invocations=42 (full 0):
 garbage-first heap   total 190464K, used 159051K [0x0000000080000000, 0x0000000100000000)
  region size 1024K, 15 young (15360K), 2 survivors (2048K)
 Metaspace       used 114177K, capacity 117273K, committed 119032K, reserved 1150976K
  class space    used 14783K, capacity 15954K, committed 16664K, reserved 1048576K
}
Event: 39.988 GC heap after
{Heap after GC invocations=43 (full 0):
 garbage-first heap   total 190464K, used 149760K [0x0000000080000000, 0x0000000100000000)
  region size 1024K, 2 young (2048K), 2 survivors (2048K)
 Metaspace       used 114177K, capacity 117273K, committed 119032K, reserved 1150976K
  class space    used 14783K, capacity 15954K, committed 16664K, reserved 1048576K
}
Event: 40.029 GC heap before
{Heap before GC invocations=43 (full 0):
 garbage-first heap   total 190464K, used 156928K [0x0000000080000000, 0x0000000100000000)
  region size 1024K, 9 young (9216K), 2 survivors (2048K)
 Metaspace       used 114222K, capacity 117368K, committed 119032K, reserved 1150976K
  class space    used 14789K, capacity 15961K, committed 16664K, reserved 1048576K
}
Event: 40.039 GC heap after
{Heap after GC invocations=44 (full 0):
 garbage-first heap   total 190464K, used 145481K [0x0000000080000000, 0x0000000100000000)
  region size 1024K, 2 young (2048K), 2 survivors (2048K)
 Metaspace       used 114222K, capacity 117368K, committed 119032K, reserved 1150976K
  class space    used 14789K, capacity 15961K, committed 16664K, reserved 1048576K
}
Event: 40.058 GC heap before
{Heap before GC invocations=44 (full 0):
 garbage-first heap   total 190464K, used 158793K [0x0000000080000000, 0x0000000100000000)
  region size 1024K, 15 young (15360K), 2 survivors (2048K)
 Metaspace       used 114222K, capacity 117368K, committed 119032K, reserved 1150976K
  class space    used 14789K, capacity 15961K, committed 16664K, reserved 1048576K
}
Event: 40.064 GC heap after
{Heap after GC invocations=45 (full 0):
 garbage-first heap   total 190464K, used 148480K [0x0000000080000000, 0x0000000100000000)
  region size 1024K, 2 young (2048K), 2 survivors (2048K)
 Metaspace       used 114222K, capacity 117368K, committed 119032K, reserved 1150976K
  class space    used 14789K, capacity 15961K, committed 16664K, reserved 1048576K
}
Event: 40.179 GC heap before
{Heap before GC invocations=45 (full 0):
 garbage-first heap   total 190464K, used 166912K [0x0000000080000000, 0x0000000100000000)
  region size 1024K, 15 young (15360K), 2 survivors (2048K)
 Metaspace       used 114301K, capacity 117394K, committed 119032K, reserved 1150976K
  class space    used 14789K, capacity 15961K, committed 16664K, reserved 1048576K
}

Deoptimization events (20 events):
Event: 39.781 Thread 0x000001dccdb95000 DEOPT PACKING pc=0x000001dcb0cf93af sp=0x0000005a1bcfe500
Event: 39.781 Thread 0x000001dccdb95000 DEOPT UNPACKING pc=0x000001dcae5476ce sp=0x0000005a1bcfd9a0 mode 0
Event: 39.946 Thread 0x000001dccdb95000 Uncommon trap: trap_request=0xffffff4d fr.pc=0x000001dcb67c0084 relative=0x00000000000000c4
Event: 39.946 Thread 0x000001dccdb95000 Uncommon trap: reason=unstable_if action=reinterpret pc=0x000001dcb67c0084 method=com.android.tools.r8.graph.f0.a(Lcom/android/tools/r8/graph/d0;)Lcom/android/tools/r8/graph/f0; @ 4 c2
Event: 39.946 Thread 0x000001dccdb95000 DEOPT PACKING pc=0x000001dcb67c0084 sp=0x0000005a1bcfe760
Event: 39.946 Thread 0x000001dccdb95000 DEOPT UNPACKING pc=0x000001dcae5478af sp=0x0000005a1bcfe690 mode 2
Event: 39.964 Thread 0x000001dcc8cb6800 Uncommon trap: trap_request=0xffffffde fr.pc=0x000001dcb61d6154 relative=0x0000000000000514
Event: 39.964 Thread 0x000001dcc8cb6800 Uncommon trap: reason=class_check action=maybe_recompile pc=0x000001dcb61d6154 method=java.lang.Throwable.<init>(Ljava/lang/String;Ljava/lang/Throwable;)V @ 24 c2
Event: 39.964 Thread 0x000001dcc8cb6800 DEOPT PACKING pc=0x000001dcb61d6154 sp=0x0000005a1a5fda30
Event: 39.964 Thread 0x000001dcc8cb6800 DEOPT UNPACKING pc=0x000001dcae5478af sp=0x0000005a1a5fd9f8 mode 2
Event: 39.965 Thread 0x000001dccf803800 Uncommon trap: trap_request=0xffffffde fr.pc=0x000001dcb61d6154 relative=0x0000000000000514
Event: 39.965 Thread 0x000001dccf803800 Uncommon trap: reason=class_check action=maybe_recompile pc=0x000001dcb61d6154 method=java.lang.Throwable.<init>(Ljava/lang/String;Ljava/lang/Throwable;)V @ 24 c2
Event: 39.965 Thread 0x000001dccf803800 DEOPT PACKING pc=0x000001dcb61d6154 sp=0x0000005a196fb3c0
Event: 39.965 Thread 0x000001dccf803800 DEOPT UNPACKING pc=0x000001dcae5478af sp=0x0000005a196fb388 mode 2
Event: 39.973 Thread 0x000001dccf803800 Uncommon trap: trap_request=0xffffff4d fr.pc=0x000001dcb611b3f8 relative=0x0000000000000058
Event: 39.973 Thread 0x000001dccf803800 Uncommon trap: reason=unstable_if action=reinterpret pc=0x000001dcb611b3f8 method=java.util.Objects.equals(Ljava/lang/Object;Ljava/lang/Object;)Z @ 6 c2
Event: 39.973 Thread 0x000001dccf803800 DEOPT PACKING pc=0x000001dcb611b3f8 sp=0x0000005a196fdc70
Event: 39.973 Thread 0x000001dccf803800 DEOPT UNPACKING pc=0x000001dcae5478af sp=0x0000005a196fdc10 mode 2
Event: 40.077 Thread 0x000001dccdb95000 DEOPT PACKING pc=0x000001dcb06a9f61 sp=0x0000005a1bcfe570
Event: 40.077 Thread 0x000001dccdb95000 DEOPT UNPACKING pc=0x000001dcae5476ce sp=0x0000005a1bcfda60 mode 0

Classes redefined (0 events):
No events

Internal exceptions (20 events):
Event: 20.757 Thread 0x000001dccf80b800 Exception <a 'java/lang/NoSuchMethodError'{0x000000008afb4470}: 'java.lang.Object java.lang.invoke.DirectMethodHandle$Holder.invokeStatic(java.lang.Object, java.lang.Object, java.lang.Object, java.lang.Object, java.lang.Object, int, java.lang.Object)'> (0x000000008afb4470) thrown at [./src/hotspot/share/interpreter/linkResolver.cpp, line 773]
Event: 20.832 Thread 0x000001dccf80b800 Exception <a 'java/lang/NoSuchMethodError'{0x000000008ab97dc0}: 'java.lang.Object java.lang.invoke.DirectMethodHandle$Holder.invokeSpecial(java.lang.Object, java.lang.Object, java.lang.Object, java.lang.Object, java.lang.Object, java.lang.Object, java.lang.Object, int, java.lang.Object)'> (0x000000008ab97dc0) thrown at [./src/hotspot/share/interpreter/linkResolver.cpp, line 773]
Event: 20.833 Thread 0x000001dccf80b800 Exception <a 'java/lang/NoSuchMethodError'{0x000000008aba10e8}: 'java.lang.Object java.lang.invoke.DirectMethodHandle$Holder.invokeStatic(java.lang.Object, java.lang.Object, java.lang.Object, java.lang.Object, java.lang.Object, java.lang.Object, java.lang.Object, int)'> (0x000000008aba10e8) thrown at [./src/hotspot/share/interpreter/linkResolver.cpp, line 773]
Event: 20.833 Thread 0x000001dccf80b800 Exception <a 'java/lang/NoSuchMethodError'{0x000000008aba5108}: 'java.lang.Object java.lang.invoke.DirectMethodHandle$Holder.invokeSpecial(java.lang.Object, java.lang.Object, java.lang.Object, java.lang.Object, java.lang.Object, java.lang.Object, java.lang.Object, java.lang.Object, int)'> (0x000000008aba5108) thrown at [./src/hotspot/share/interpreter/linkResolver.cpp, line 773]
Event: 20.833 Thread 0x000001dccf80b800 Exception <a 'java/lang/NoSuchMethodError'{0x000000008aba87a0}: 'java.lang.Object java.lang.invoke.Invokers$Holder.linkToTargetMethod(java.lang.Object, java.lang.Object, java.lang.Object, java.lang.Object, java.lang.Object, java.lang.Object, int, java.lang.Object)'> (0x000000008aba87a0) thrown at [./src/hotspot/share/interpreter/linkResolver.cpp, line 773]
Event: 21.058 Thread 0x000001dccf80b800 Implicit null exception at 0x000001dcb6763c6b to 0x000001dcb6763c8c
Event: 21.149 Thread 0x000001dcc776d000 Exception <a 'java/lang/NoSuchMethodError'{0x0000000089de51a0}: 'java.lang.Object java.lang.invoke.DirectMethodHandle$Holder.invokeSpecial(java.lang.Object, java.lang.Object, java.lang.Object, java.lang.Object, int, java.lang.Object, java.lang.Object)'> (0x0000000089de51a0) thrown at [./src/hotspot/share/interpreter/linkResolver.cpp, line 773]
Event: 21.345 Thread 0x000001dcc8a0b000 Implicit null exception at 0x000001dcb60cc214 to 0x000001dcb60cc744
Event: 21.345 Thread 0x000001dcc8a0b000 Implicit null exception at 0x000001dcb6369114 to 0x000001dcb63696ec
Event: 37.714 Thread 0x000001dcc776d000 Implicit null exception at 0x000001dcb6657a5f to 0x000001dcb665854c
Event: 37.903 Thread 0x000001dcc776d000 Exception <a 'sun/nio/fs/WindowsException'{0x00000000885e0d48}> (0x00000000885e0d48) thrown at [./src/hotspot/share/prims/jni.cpp, line 615]
Event: 37.990 Thread 0x000001dcc776d000 Exception <a 'sun/nio/fs/WindowsException'{0x0000000087de87c0}> (0x0000000087de87c0) thrown at [./src/hotspot/share/prims/jni.cpp, line 615]
Event: 38.002 Thread 0x000001dcc776d000 Exception <a 'sun/nio/fs/WindowsException'{0x000000008b6895a0}> (0x000000008b6895a0) thrown at [./src/hotspot/share/prims/jni.cpp, line 615]
Event: 38.002 Thread 0x000001dcc776d000 Exception <a 'sun/nio/fs/WindowsException'{0x000000008b68a918}> (0x000000008b68a918) thrown at [./src/hotspot/share/prims/jni.cpp, line 615]
Event: 38.002 Thread 0x000001dcc776d000 Exception <a 'sun/nio/fs/WindowsException'{0x000000008b68ba38}> (0x000000008b68ba38) thrown at [./src/hotspot/share/prims/jni.cpp, line 615]
Event: 38.002 Thread 0x000001dcc776d000 Exception <a 'sun/nio/fs/WindowsException'{0x000000008b68cb58}> (0x000000008b68cb58) thrown at [./src/hotspot/share/prims/jni.cpp, line 615]
Event: 38.686 Thread 0x000001dcc8cbb800 Exception <a 'sun/nio/fs/WindowsException'{0x000000008b39b520}> (0x000000008b39b520) thrown at [./src/hotspot/share/prims/jni.cpp, line 615]
Event: 39.964 Thread 0x000001dcc8cb6800 Exception <a 'java/io/IOException'{0x000000008ace7630}> (0x000000008ace7630) thrown at [./src/hotspot/share/prims/jni.cpp, line 615]
Event: 39.991 Thread 0x000001dcc74a8800 Exception <a 'java/lang/NoSuchMethodError'{0x000000008b67c170}: <clinit>> (0x000000008b67c170) thrown at [./src/hotspot/share/prims/jni.cpp, line 1362]
Event: 39.993 Thread 0x000001dcc74a8800 Exception <a 'java/lang/NoSuchMethodError'{0x000000008b69bb50}: <clinit>> (0x000000008b69bb50) thrown at [./src/hotspot/share/prims/jni.cpp, line 1362]

Events (20 events):
Event: 40.005 Executing VM operation: RevokeBias done
Event: 40.005 Executing VM operation: RevokeBias
Event: 40.006 Executing VM operation: RevokeBias done
Event: 40.006 Executing VM operation: RevokeBias
Event: 40.006 Executing VM operation: RevokeBias done
Event: 40.006 Executing VM operation: RevokeBias
Event: 40.006 Executing VM operation: RevokeBias done
Event: 40.006 Executing VM operation: BulkRevokeBias
Event: 40.007 Executing VM operation: BulkRevokeBias done
Event: 40.023 loading class com/android/tools/r8/internal/pr
Event: 40.023 loading class com/android/tools/r8/internal/pr done
Event: 40.023 loading class com/android/tools/r8/graph/P
Event: 40.023 loading class com/android/tools/r8/graph/P done
Event: 40.023 loading class com/android/tools/r8/internal/pr
Event: 40.023 loading class com/android/tools/r8/internal/pr done
Event: 40.028 Executing VM operation: G1CollectForAllocation
Event: 40.039 Executing VM operation: G1CollectForAllocation done
Event: 40.058 Executing VM operation: G1CollectForAllocation
Event: 40.064 Executing VM operation: G1CollectForAllocation done
Event: 40.179 Executing VM operation: G1CollectForAllocation


Dynamic libraries:
0x00007ff792d80000 - 0x00007ff792d8a000 	C:\Program Files\Android\Android Studio\jre\bin\java.exe
0x00007ffce4910000 - 0x00007ffce4b05000 	C:\WINDOWS\SYSTEM32\ntdll.dll
0x00007ffce2b20000 - 0x00007ffce2bde000 	C:\WINDOWS\System32\KERNEL32.DLL
0x00007ffce2160000 - 0x00007ffce2428000 	C:\WINDOWS\System32\KERNELBASE.dll
0x00007ffce2490000 - 0x00007ffce2590000 	C:\WINDOWS\System32\ucrtbase.dll
0x00007ffcce5f0000 - 0x00007ffcce609000 	C:\Program Files\Android\Android Studio\jre\bin\jli.dll
0x00007ffcce300000 - 0x00007ffcce317000 	C:\Program Files\Android\Android Studio\jre\bin\VCRUNTIME140.dll
0x00007ffce2950000 - 0x00007ffce2af1000 	C:\WINDOWS\System32\USER32.dll
0x00007ffce25e0000 - 0x00007ffce2602000 	C:\WINDOWS\System32\win32u.dll
0x00007ffcc92f0000 - 0x00007ffcc958a000 	C:\WINDOWS\WinSxS\amd64_microsoft.windows.common-controls_6595b64144ccf1df_6.0.19041.1110_none_60b5254171f9507e\COMCTL32.dll
0x00007ffce3070000 - 0x00007ffce309b000 	C:\WINDOWS\System32\GDI32.dll
0x00007ffce4730000 - 0x00007ffce47ce000 	C:\WINDOWS\System32\msvcrt.dll
0x00007ffce26e0000 - 0x00007ffce27ed000 	C:\WINDOWS\System32\gdi32full.dll
0x00007ffce2640000 - 0x00007ffce26dd000 	C:\WINDOWS\System32\msvcp_win.dll
0x00007ffce47d0000 - 0x00007ffce4800000 	C:\WINDOWS\System32\IMM32.DLL
0x00007ffca75d0000 - 0x00007ffca766d000 	C:\Program Files\Android\Android Studio\jre\bin\msvcp140.dll
0x00007ffc8a970000 - 0x00007ffc8b43f000 	C:\Program Files\Android\Android Studio\jre\bin\server\jvm.dll
0x00007ffce31d0000 - 0x00007ffce327c000 	C:\WINDOWS\System32\ADVAPI32.dll
0x00007ffce3ac0000 - 0x00007ffce3b5b000 	C:\WINDOWS\System32\sechost.dll
0x00007ffce2be0000 - 0x00007ffce2d0a000 	C:\WINDOWS\System32\RPCRT4.dll
0x00007ffce2b10000 - 0x00007ffce2b18000 	C:\WINDOWS\System32\PSAPI.DLL
0x00007ffcdcae0000 - 0x00007ffcdcae9000 	C:\WINDOWS\SYSTEM32\WSOCK32.dll
0x00007ffccc800000 - 0x00007ffccc827000 	C:\WINDOWS\SYSTEM32\WINMM.dll
0x00007ffcd7340000 - 0x00007ffcd734a000 	C:\WINDOWS\SYSTEM32\VERSION.dll
0x00007ffce30a0000 - 0x00007ffce310b000 	C:\WINDOWS\System32\WS2_32.dll
0x00007ffce0890000 - 0x00007ffce08a2000 	C:\WINDOWS\SYSTEM32\kernel.appcore.dll
0x00007ffcdca30000 - 0x00007ffcdca41000 	C:\Program Files\Android\Android Studio\jre\bin\verify.dll
0x00007ffcdcdc0000 - 0x00007ffcdcfa4000 	C:\WINDOWS\SYSTEM32\DBGHELP.DLL
0x00007ffcc4a40000 - 0x00007ffcc4a6c000 	C:\WINDOWS\SYSTEM32\dbgcore.DLL
0x00007ffce20d0000 - 0x00007ffce2152000 	C:\WINDOWS\System32\bcryptPrimitives.dll
0x00007ffcd90e0000 - 0x00007ffcd9109000 	C:\Program Files\Android\Android Studio\jre\bin\java.dll
0x00007ffcdcad0000 - 0x00007ffcdcadb000 	C:\Program Files\Android\Android Studio\jre\bin\jimage.dll
0x00007ffcd9040000 - 0x00007ffcd9058000 	C:\Program Files\Android\Android Studio\jre\bin\zip.dll
0x00007ffce3360000 - 0x00007ffce3aa4000 	C:\WINDOWS\System32\SHELL32.dll
0x00007ffcdcfb0000 - 0x00007ffcdd744000 	C:\WINDOWS\SYSTEM32\windows.storage.dll
0x00007ffce2d10000 - 0x00007ffce3065000 	C:\WINDOWS\System32\combase.dll
0x00007ffce1a70000 - 0x00007ffce1a9e000 	C:\WINDOWS\SYSTEM32\Wldp.dll
0x00007ffce4490000 - 0x00007ffce453d000 	C:\WINDOWS\System32\SHCORE.dll
0x00007ffce4540000 - 0x00007ffce4595000 	C:\WINDOWS\System32\shlwapi.dll
0x00007ffce1f60000 - 0x00007ffce1f7f000 	C:\WINDOWS\SYSTEM32\profapi.dll
0x00007ffcd9020000 - 0x00007ffcd903a000 	C:\Program Files\Android\Android Studio\jre\bin\net.dll
0x00007ffccf950000 - 0x00007ffccfa5c000 	C:\WINDOWS\SYSTEM32\WINHTTP.dll
0x00007ffce17d0000 - 0x00007ffce183a000 	C:\WINDOWS\system32\mswsock.dll
0x00007ffcd7510000 - 0x00007ffcd7524000 	C:\Program Files\Android\Android Studio\jre\bin\nio.dll
0x00007ffcce520000 - 0x00007ffcce547000 	C:\Users\aikak\.gradle\native\8bec1ad78214c89d9ad589b4d07fe93259594b29d510b10fafb7a158f7737e5d\windows-amd64\native-platform.dll
0x00007ffca72b0000 - 0x00007ffca73ed000 	C:\Users\aikak\.gradle\native\53dbd7edfb1c66fb8903c78663c9afc45aea4f116125fa6feffd364cf09443e8\windows-amd64\native-platform-file-events.dll
0x00007ffcdca90000 - 0x00007ffcdca9a000 	C:\Program Files\Android\Android Studio\jre\bin\management.dll
0x00007ffcda990000 - 0x00007ffcda99c000 	C:\Program Files\Android\Android Studio\jre\bin\management_ext.dll
0x00007ffce19d0000 - 0x00007ffce19e8000 	C:\WINDOWS\SYSTEM32\CRYPTSP.dll
0x00007ffce10e0000 - 0x00007ffce1114000 	C:\WINDOWS\system32\rsaenh.dll
0x00007ffce2610000 - 0x00007ffce2637000 	C:\WINDOWS\System32\bcrypt.dll
0x00007ffce1f20000 - 0x00007ffce1f4e000 	C:\WINDOWS\SYSTEM32\USERENV.dll
0x00007ffce19c0000 - 0x00007ffce19cc000 	C:\WINDOWS\SYSTEM32\CRYPTBASE.dll
0x00007ffce1470000 - 0x00007ffce14ab000 	C:\WINDOWS\SYSTEM32\IPHLPAPI.DLL
0x00007ffce2b00000 - 0x00007ffce2b08000 	C:\WINDOWS\System32\NSI.dll
0x00007ffcd7370000 - 0x00007ffcd7387000 	C:\WINDOWS\SYSTEM32\dhcpcsvc6.DLL
0x00007ffcd7350000 - 0x00007ffcd736d000 	C:\WINDOWS\SYSTEM32\dhcpcsvc.DLL
0x00007ffce14b0000 - 0x00007ffce157b000 	C:\WINDOWS\SYSTEM32\DNSAPI.dll
0x00007ffcb8e30000 - 0x00007ffcb8e4e000 	C:\Users\aikak\AppData\Local\Temp\native-platform2083683321785782849dir\native-platform.dll
0x00007ffcd9380000 - 0x00007ffcd9388000 	C:\Program Files\Android\Android Studio\jre\bin\rmi.dll
0x00007ffcce700000 - 0x00007ffcce727000 	C:\Program Files\Android\Android Studio\jre\bin\sunec.dll

dbghelp: loaded successfully - version: 4.0.5 - missing functions: none
symbol engine: initialized successfully - sym options: 0x614 - pdb path: .;C:\Program Files\Android\Android Studio\jre\bin;C:\WINDOWS\SYSTEM32;C:\WINDOWS\WinSxS\amd64_microsoft.windows.common-controls_6595b64144ccf1df_6.0.19041.1110_none_60b5254171f9507e;C:\Program Files\Android\Android Studio\jre\bin\server;C:\Users\aikak\.gradle\native\8bec1ad78214c89d9ad589b4d07fe93259594b29d510b10fafb7a158f7737e5d\windows-amd64;C:\Users\aikak\.gradle\native\53dbd7edfb1c66fb8903c78663c9afc45aea4f116125fa6feffd364cf09443e8\windows-amd64;C:\Users\aikak\AppData\Local\Temp\native-platform2083683321785782849dir

VM Arguments:
jvm_args: --add-opens=java.base/java.util=ALL-UNNAMED --add-opens=java.base/java.lang=ALL-UNNAMED --add-opens=java.base/java.lang.invoke=ALL-UNNAMED --add-opens=java.base/java.util=ALL-UNNAMED --add-opens=java.prefs/java.util.prefs=ALL-UNNAMED --add-opens=java.prefs/java.util.prefs=ALL-UNNAMED --add-opens=java.base/java.nio.charset=ALL-UNNAMED --add-opens=java.base/java.net=ALL-UNNAMED --add-opens=java.base/java.util.concurrent.atomic=ALL-UNNAMED -Xmx2048m -Dfile.encoding=UTF-8 -Duser.country=RU -Duser.language=ru -Duser.variant 
java_command: org.gradle.launcher.daemon.bootstrap.GradleDaemon 7.0.2
java_class_path (initial): C:\Users\aikak\.gradle\wrapper\dists\gradle-7.0.2-bin\857tjihv64xamwrf0h14cai3r\gradle-7.0.2\lib\gradle-launcher-7.0.2.jar
Launcher Type: SUN_STANDARD

[Global flags]
     intx CICompilerCount                          = 4                                         {product} {ergonomic}
     uint ConcGCThreads                            = 2                                         {product} {ergonomic}
     uint G1ConcRefinementThreads                  = 8                                         {product} {ergonomic}
   size_t G1HeapRegionSize                         = 1048576                                   {product} {ergonomic}
    uintx GCDrainStackTargetSize                   = 64                                        {product} {ergonomic}
   size_t InitialHeapSize                          = 132120576                                 {product} {ergonomic}
   size_t MarkStackSize                            = 4194304                                   {product} {ergonomic}
   size_t MaxHeapSize                              = 2147483648                                {product} {command line}
   size_t MaxNewSize                               = 1287651328                                {product} {ergonomic}
   size_t MinHeapDeltaBytes                        = 1048576                                   {product} {ergonomic}
    uintx NonNMethodCodeHeapSize                   = 5836300                                {pd product} {ergonomic}
    uintx NonProfiledCodeHeapSize                  = 122910970                              {pd product} {ergonomic}
    uintx ProfiledCodeHeapSize                     = 122910970                              {pd product} {ergonomic}
    uintx ReservedCodeCacheSize                    = 251658240                              {pd product} {ergonomic}
     bool SegmentedCodeCache                       = true                                      {product} {ergonomic}
     bool UseCompressedClassPointers               = true                                 {lp64_product} {ergonomic}
     bool UseCompressedOops                        = true                                 {lp64_product} {ergonomic}
     bool UseG1GC                                  = true                                      {product} {ergonomic}
     bool UseLargePagesIndividualAllocation        = false                                  {pd product} {ergonomic}

Logging:
Log output configuration:
 #0: stdout all=warning uptime,level,tags
 #1: stderr all=off uptime,level,tags

Environment Variables:
PATH=C:\Program Files (x86)\Common Files\Oracle\Java\javapath;C:\ProgramData\Oracle\Java\javapath;C:\Windows\system32;C:\Windows;C:\Windows\System32\Wbem;C:\Windows\System32\WindowsPowerShell\v1.0\;C:\Windows\System32\OpenSSH\;C:\Program Files (x86)\NVIDIA Corporation\PhysX\Common;C:\Program Files\Intel\WiFi\bin\;C:\Program Files\Common Files\Intel\WirelessCommon\;C:\Program Files\dotnet\;C:\WINDOWS\system32;C:\WINDOWS;C:\WINDOWS\System32\Wbem;C:\WINDOWS\System32\WindowsPowerShell\v1.0\;C:\WINDOWS\System32\OpenSSH\;C:\Program Files\Git\cmd;C:\Users\aikak\AppData\Local\Programs\Python\Python38-32\Scripts\;C:\Users\aikak\AppData\Local\Programs\Python\Python38-32\;C:\Users\aikak\AppData\Local\Microsoft\WindowsApps;C:\Users\aikak\.dotnet\tools;C:\Users\aikak\AppData\Local\atom\bin;C:\Users\aikak\AppData\Local\Programs\Microsoft VS Code\bin
USERNAME=Адиль Жексенгалиев
OS=Windows_NT
PROCESSOR_IDENTIFIER=Intel64 Family 6 Model 142 Stepping 12, GenuineIntel



---------------  S Y S T E M  ---------------

OS: Windows 10 , 64 bit Build 19041 (10.0.19041.1348)
OS uptime: 1 days 9:18 hours

CPU:total 8 (initial active 8) (4 cores per cpu, 2 threads per core) family 6 model 142 stepping 12 microcode 0xb8, cmov, cx8, fxsr, mmx, sse, sse2, sse3, ssse3, sse4.1, sse4.2, popcnt, avx, avx2, aes, clmul, erms, 3dnowpref, lzcnt, ht, tsc, tscinvbit, bmi1, bmi2, adx, fma

Memory: 4k page, system-wide physical 8043M (799M free)
TotalPageFile size 10059M (AvailPageFile size 26M)
current process WorkingSet (physical memory assigned to process): 555M, peak: 557M
current process commit charge ("private bytes"): 591M, peak: 690M

vm_info: OpenJDK 64-Bit Server VM (11.0.10+0-b96-7249189) for windows-amd64 JRE (11.0.10+0-b96-7249189), built on Mar 31 2021 21:44:00 by "builder" with MS VC++ 14.0 (VS2015)

END.
