#
# There is insufficient memory for the Java Runtime Environment to continue.
# Native memory allocation (malloc) failed to allocate 2115536 bytes for Chunk::new
# Possible reasons:
#   The system is out of physical RAM or swap space
#   The process is running with CompressedOops enabled, and the Java Heap may be blocking the growth of the native heap
# Possible solutions:
#   Reduce memory load on the system
#   Increase physical memory or swap space
#   Check if swap backing store is full
#   Decrease Java heap size (-Xmx/-Xms)
#   Decrease number of Java threads
#   Decrease Java thread stack sizes (-Xss)
#   Set larger code cache with -XX:ReservedCodeCacheSize=
#   JVM is running with Unscaled Compressed Oops mode in which the Java heap is
#     placed in the first 4GB address space. The Java Heap base address is the
#     maximum limit for the native heap growth. Please use -XX:HeapBaseMinAddress
#     to set the Java Heap base and to place the Java Heap above 4GB virtual address.
# This output file may be truncated or incomplete.
#
#  Out of Memory Error (./src/hotspot/share/memory/arena.cpp:197), pid=4976, tid=8796
#
# JRE version: OpenJDK Runtime Environment (11.0.10) (build 11.0.10+0-b96-7249189)
# Java VM: OpenJDK 64-Bit Server VM (11.0.10+0-b96-7249189, mixed mode, tiered, compressed oops, g1 gc, windows-amd64)
# No core dump will be written. Minidumps are not enabled by default on client versions of Windows
#

---------------  S U M M A R Y ------------

Command Line: --add-opens=java.base/java.util=ALL-UNNAMED --add-opens=java.base/java.lang=ALL-UNNAMED --add-opens=java.base/java.lang.invoke=ALL-UNNAMED --add-opens=java.base/java.util=ALL-UNNAMED --add-opens=java.prefs/java.util.prefs=ALL-UNNAMED --add-opens=java.prefs/java.util.prefs=ALL-UNNAMED --add-opens=java.base/java.nio.charset=ALL-UNNAMED --add-opens=java.base/java.net=ALL-UNNAMED --add-opens=java.base/java.util.concurrent.atomic=ALL-UNNAMED -Xmx2048m -Dfile.encoding=UTF-8 -Duser.country=RU -Duser.language=ru -Duser.variant org.gradle.launcher.daemon.bootstrap.GradleDaemon 7.0.2

Host: Intel(R) Core(TM) i5-8265U CPU @ 1.60GHz, 8 cores, 7G,  Windows 10 , 64 bit Build 19041 (10.0.19041.1348)
Time: Thu Feb  3 00:23:39 2022 RTZ 2 (зима) elapsed time: 231.225652 seconds (0d 0h 3m 51s)

---------------  T H R E A D  ---------------

Current thread (0x00000209fe476800):  JavaThread "C2 CompilerThread2" daemon [_thread_in_native, id=8796, stack(0x0000001e35900000,0x0000001e35a00000)]


Current CompileTask:
C2: 231225 19089 % !   4       com.android.tools.r8.dex.m::c @ 489 (2765 bytes)

Stack: [0x0000001e35900000,0x0000001e35a00000]
Native frames: (J=compiled Java code, j=interpreted, Vv=VM code, C=native code)
V  [jvm.dll+0x5ecfaa]
V  [jvm.dll+0x722bd5]
V  [jvm.dll+0x72412d]
V  [jvm.dll+0x7247e3]
V  [jvm.dll+0x242928]
V  [jvm.dll+0xbc4fc]
V  [jvm.dll+0xbca0c]
V  [jvm.dll+0x352d3b]
V  [jvm.dll+0x320ad3]
V  [jvm.dll+0x31ffca]
V  [jvm.dll+0x1fb602]
V  [jvm.dll+0x1fa7f4]
V  [jvm.dll+0x18354c]
V  [jvm.dll+0x208ee7]
V  [jvm.dll+0x207731]
V  [jvm.dll+0x6eb1cf]
V  [jvm.dll+0x6e3d45]
V  [jvm.dll+0x5ebe96]
C  [ucrtbase.dll+0x21bb2]
C  [KERNEL32.DLL+0x17034]
C  [ntdll.dll+0x52651]


---------------  P R O C E S S  ---------------

Threads class SMR info:
_java_thread_list=0x00000209fe343390, length=48, elements={
0x00000209e312c000, 0x00000209fd5c1000, 0x00000209fd5d1000, 0x00000209fddfb000,
0x00000209fddfd000, 0x00000209fddfe000, 0x00000209fde43800, 0x00000209fde4f800,
0x00000209fde55000, 0x00000209fdfa9800, 0x00000209ff20e000, 0x00000209fe998800,
0x0000020980f89000, 0x0000020980fd0800, 0x0000020980fd5000, 0x0000020980fd1000,
0x0000020980fd6000, 0x0000020980fd4800, 0x0000020981dad000, 0x0000020981dac000,
0x0000020981dae800, 0x0000020981daf000, 0x0000020981daa800, 0x0000020981db2800,
0x00000209fe49b000, 0x00000209fe499800, 0x00000209fe49c000, 0x00000209fe49c800,
0x00000209fe49d800, 0x00000209810fb800, 0x00000209810fd000, 0x00000209810f7800,
0x00000209810fe000, 0x00000209810f8000, 0x0000020981104800, 0x0000020981102800,
0x0000020981106000, 0x0000020981105000, 0x0000020981103800, 0x00000209872da000,
0x00000209872db000, 0x00000209872dc000, 0x00000209872d9800, 0x00000209872dd800,
0x0000020989963000, 0x0000020981bbb000, 0x00000209fe476800, 0x0000020981db3800
}

Java Threads: ( => current thread )
  0x00000209e312c000 JavaThread "main" [_thread_blocked, id=6972, stack(0x0000001e33c00000,0x0000001e33d00000)]
  0x00000209fd5c1000 JavaThread "Reference Handler" daemon [_thread_blocked, id=11748, stack(0x0000001e34300000,0x0000001e34400000)]
  0x00000209fd5d1000 JavaThread "Finalizer" daemon [_thread_blocked, id=7176, stack(0x0000001e34400000,0x0000001e34500000)]
  0x00000209fddfb000 JavaThread "Signal Dispatcher" daemon [_thread_blocked, id=14300, stack(0x0000001e34500000,0x0000001e34600000)]
  0x00000209fddfd000 JavaThread "Attach Listener" daemon [_thread_blocked, id=1512, stack(0x0000001e34600000,0x0000001e34700000)]
  0x00000209fddfe000 JavaThread "Service Thread" daemon [_thread_blocked, id=7556, stack(0x0000001e34700000,0x0000001e34800000)]
  0x00000209fde43800 JavaThread "C2 CompilerThread0" daemon [_thread_in_native, id=11516, stack(0x0000001e34800000,0x0000001e34900000)]
  0x00000209fde4f800 JavaThread "C1 CompilerThread0" daemon [_thread_blocked, id=15208, stack(0x0000001e34900000,0x0000001e34a00000)]
  0x00000209fde55000 JavaThread "Sweeper thread" daemon [_thread_blocked, id=8316, stack(0x0000001e34a00000,0x0000001e34b00000)]
  0x00000209fdfa9800 JavaThread "Common-Cleaner" daemon [_thread_blocked, id=4092, stack(0x0000001e34b00000,0x0000001e34c00000)]
  0x00000209ff20e000 JavaThread "Daemon health stats" [_thread_blocked, id=8152, stack(0x0000001e35100000,0x0000001e35200000)]
  0x00000209fe998800 JavaThread "Incoming local TCP Connector on port 1053" [_thread_in_native, id=11780, stack(0x0000001e34d00000,0x0000001e34e00000)]
  0x0000020980f89000 JavaThread "Daemon periodic checks" [_thread_blocked, id=11508, stack(0x0000001e35000000,0x0000001e35100000)]
  0x0000020980fd0800 JavaThread "Cache worker for file hash cache (C:\Users\aikak\.gradle\caches\7.0.2\fileHashes)" [_thread_blocked, id=7320, stack(0x0000001e35f00000,0x0000001e36000000)]
  0x0000020980fd5000 JavaThread "File lock request listener" [_thread_in_native, id=11272, stack(0x0000001e36000000,0x0000001e36100000)]
  0x0000020980fd1000 JavaThread "Cache worker for journal cache (C:\Users\aikak\.gradle\caches\journal-1)" [_thread_blocked, id=9036, stack(0x0000001e36200000,0x0000001e36300000)]
  0x0000020980fd6000 JavaThread "File watcher server" daemon [_thread_in_native, id=12796, stack(0x0000001e36400000,0x0000001e36500000)]
  0x0000020980fd4800 JavaThread "File watcher consumer" daemon [_thread_blocked, id=15072, stack(0x0000001e36500000,0x0000001e36600000)]
  0x0000020981dad000 JavaThread "Cache worker for execution history cache (C:\Users\aikak\.gradle\caches\7.0.2\executionHistory)" [_thread_blocked, id=9092, stack(0x0000001e36a00000,0x0000001e36b00000)]
  0x0000020981dac000 JavaThread "jar transforms" [_thread_blocked, id=8360, stack(0x0000001e36b00000,0x0000001e36c00000)]
  0x0000020981dae800 JavaThread "jar transforms Thread 2" [_thread_blocked, id=492, stack(0x0000001e36c00000,0x0000001e36d00000)]
  0x0000020981daf000 JavaThread "Cache worker for file content cache (C:\Users\aikak\.gradle\caches\7.0.2\fileContent)" [_thread_blocked, id=6136, stack(0x0000001e36d00000,0x0000001e36e00000)]
  0x0000020981daa800 JavaThread "jar transforms Thread 3" [_thread_blocked, id=4388, stack(0x0000001e36f00000,0x0000001e37000000)]
  0x0000020981db2800 JavaThread "jar transforms Thread 4" [_thread_blocked, id=3156, stack(0x0000001e37900000,0x0000001e37a00000)]
  0x00000209fe49b000 JavaThread "jar transforms Thread 5" [_thread_blocked, id=1416, stack(0x0000001e37a00000,0x0000001e37b00000)]
  0x00000209fe499800 JavaThread "jar transforms Thread 6" [_thread_blocked, id=5052, stack(0x0000001e37b00000,0x0000001e37c00000)]
  0x00000209fe49c000 JavaThread "jar transforms Thread 7" [_thread_blocked, id=14960, stack(0x0000001e37c00000,0x0000001e37d00000)]
  0x00000209fe49c800 JavaThread "jar transforms Thread 8" [_thread_blocked, id=9232, stack(0x0000001e37d00000,0x0000001e37e00000)]
  0x00000209fe49d800 JavaThread "Memory manager" [_thread_blocked, id=11472, stack(0x0000001e37e00000,0x0000001e37f00000)]
  0x00000209810fb800 JavaThread "RMI Scheduler(0)" daemon [_thread_blocked, id=7896, stack(0x0000001e35400000,0x0000001e35500000)]
  0x00000209810fd000 JavaThread "RMI GC Daemon" daemon [_thread_blocked, id=1084, stack(0x0000001e38a00000,0x0000001e38b00000)]
  0x00000209810f7800 JavaThread "RMI TCP Accept-0" daemon [_thread_in_native, id=3900, stack(0x0000001e38c00000,0x0000001e38d00000)]
  0x00000209810fe000 JavaThread "RMI Reaper" [_thread_blocked, id=8240, stack(0x0000001e38e00000,0x0000001e38f00000)]
  0x00000209810f8000 JavaThread "Cache worker for Java compile cache (C:\Users\aikak\.gradle\caches\7.0.2\javaCompile)" [_thread_blocked, id=7064, stack(0x0000001e39900000,0x0000001e39a00000)]
  0x0000020981104800 JavaThread "ForkJoinPool.commonPool-worker-5" daemon [_thread_blocked, id=3452, stack(0x0000001e3a200000,0x0000001e3a300000)]
  0x0000020981102800 JavaThread "ForkJoinPool.commonPool-worker-9" daemon [_thread_blocked, id=7680, stack(0x0000001e3a400000,0x0000001e3a500000)]
  0x0000020981106000 JavaThread "ForkJoinPool.commonPool-worker-11" daemon [_thread_blocked, id=8524, stack(0x0000001e3a500000,0x0000001e3a600000)]
  0x0000020981105000 JavaThread "ForkJoinPool.commonPool-worker-13" daemon [_thread_blocked, id=4344, stack(0x0000001e3a600000,0x0000001e3a700000)]
  0x0000020981103800 JavaThread "ForkJoinPool.commonPool-worker-15" daemon [_thread_blocked, id=15040, stack(0x0000001e3a700000,0x0000001e3a800000)]
  0x00000209872da000 JavaThread "ForkJoinPool.commonPool-worker-1" daemon [_thread_blocked, id=7636, stack(0x0000001e38600000,0x0000001e38700000)]
  0x00000209872db000 JavaThread "Daemon Thread 3" [_thread_in_native, id=4680, stack(0x0000001e33900000,0x0000001e33a00000)]
  0x00000209872dc000 JavaThread "Handler for socket connection from /127.0.0.1:1053 to /127.0.0.1:4540" [_thread_in_native, id=3092, stack(0x0000001e33a00000,0x0000001e33b00000)]
  0x00000209872d9800 JavaThread "Cancel handler" [_thread_blocked, id=4288, stack(0x0000001e33b00000,0x0000001e33c00000)]
  0x00000209872dd800 JavaThread "Daemon worker Thread 3" [_thread_blocked, id=8440, stack(0x0000001e35200000,0x0000001e35300000)]
  0x0000020989963000 JavaThread "C2 CompilerThread1" daemon [_thread_in_native, id=9792, stack(0x0000001e35800000,0x0000001e35900000)]
  0x0000020981bbb000 JavaThread "RMI TCP Connection(3)-127.0.0.1" daemon [_thread_in_native, id=14044, stack(0x0000001e38800000,0x0000001e38900000)]
=>0x00000209fe476800 JavaThread "C2 CompilerThread2" daemon [_thread_in_native, id=8796, stack(0x0000001e35900000,0x0000001e35a00000)]
  0x0000020981db3800 JavaThread "ForkJoinPool.commonPool-worker-3" daemon [_thread_blocked, id=3868, stack(0x0000001e38700000,0x0000001e38800000)]

Other Threads:
  0x00000209fdde7800 VMThread "VM Thread" [stack: 0x0000001e34200000,0x0000001e34300000] [id=12204]
  0x00000209fdfc0800 WatcherThread [stack: 0x0000001e34c00000,0x0000001e34d00000] [id=13216]
  0x00000209e3142800 GCTaskThread "GC Thread#0" [stack: 0x0000001e33d00000,0x0000001e33e00000] [id=4892]
  0x00000209fe37b000 GCTaskThread "GC Thread#1" [stack: 0x0000001e34e00000,0x0000001e34f00000] [id=9544]
  0x00000209fe6c1000 GCTaskThread "GC Thread#2" [stack: 0x0000001e34f00000,0x0000001e35000000] [id=14380]
  0x00000209811e7000 GCTaskThread "GC Thread#3" [stack: 0x0000001e35a00000,0x0000001e35b00000] [id=4884]
  0x00000209fef47000 GCTaskThread "GC Thread#4" [stack: 0x0000001e35b00000,0x0000001e35c00000] [id=10052]
  0x00000209fef48000 GCTaskThread "GC Thread#5" [stack: 0x0000001e35c00000,0x0000001e35d00000] [id=9160]
  0x0000020980e45800 GCTaskThread "GC Thread#6" [stack: 0x0000001e35d00000,0x0000001e35e00000] [id=10236]
  0x0000020980e46800 GCTaskThread "GC Thread#7" [stack: 0x0000001e35e00000,0x0000001e35f00000] [id=12516]
  0x00000209e3174000 ConcurrentGCThread "G1 Main Marker" [stack: 0x0000001e33e00000,0x0000001e33f00000] [id=9680]
  0x00000209e3176000 ConcurrentGCThread "G1 Conc#0" [stack: 0x0000001e33f00000,0x0000001e34000000] [id=10016]
  0x00000209803b3000 ConcurrentGCThread "G1 Conc#1" [stack: 0x0000001e36100000,0x0000001e36200000] [id=7792]
  0x00000209e320e000 ConcurrentGCThread "G1 Refine#0" [stack: 0x0000001e34000000,0x0000001e34100000] [id=13564]
  0x0000020986e7e800 ConcurrentGCThread "G1 Refine#1" [stack: 0x0000001e39c00000,0x0000001e39d00000] [id=5408]
  0x0000020983bc0800 ConcurrentGCThread "G1 Refine#2" [stack: 0x0000001e39d00000,0x0000001e39e00000] [id=11592]
  0x0000020983bc1800 ConcurrentGCThread "G1 Refine#3" [stack: 0x0000001e39e00000,0x0000001e39f00000] [id=13632]
  0x0000020983bc2000 ConcurrentGCThread "G1 Refine#4" [stack: 0x0000001e39f00000,0x0000001e3a000000] [id=3024]
  0x0000020983bc3000 ConcurrentGCThread "G1 Refine#5" [stack: 0x0000001e3a000000,0x0000001e3a100000] [id=10812]
  0x00000209fd415000 ConcurrentGCThread "G1 Young RemSet Sampling" [stack: 0x0000001e34100000,0x0000001e34200000] [id=10252]

Threads with active compile tasks:
C2 CompilerThread0 231261 19155   !   4       java.io.ObjectOutputStream::writeSerialData (221 bytes)
C2 CompilerThread1 231261 19186       4       org.gradle.internal.dispatch.ReflectionDispatch::dispatch (9 bytes)
C2 CompilerThread2 231261 19089 % !   4       com.android.tools.r8.dex.m::c @ 489 (2765 bytes)

VM state:not at safepoint (normal execution)

VM Mutex/Monitor currently owned by a thread: None

Heap address: 0x0000000080000000, size: 2048 MB, Compressed Oops mode: 32-bit
Narrow klass base: 0x0000000000000000, Narrow klass shift: 3
Compressed class space size: 1073741824 Address: 0x0000000100000000

Heap:
 garbage-first heap   total 259072K, used 112164K [0x0000000080000000, 0x0000000100000000)
  region size 1024K, 5 young (5120K), 1 survivors (1024K)
 Metaspace       used 123649K, capacity 127023K, committed 127436K, reserved 1159168K
  class space    used 15851K, capacity 17132K, committed 17356K, reserved 1048576K
Heap Regions: E=young(eden), S=young(survivor), O=old, HS=humongous(starts), HC=humongous(continues), CS=collection set, F=free, A=archive, TAMS=top-at-mark-start (previous, next)
|   0|0x0000000080000000, 0x0000000080100000, 0x0000000080100000|100%| O|  |TAMS 0x0000000080100000, 0x0000000080000000| Untracked 
|   1|0x0000000080100000, 0x0000000080200000, 0x0000000080200000|100%| O|  |TAMS 0x0000000080200000, 0x0000000080100000| Untracked 
|   2|0x0000000080200000, 0x0000000080300000, 0x0000000080300000|100%| O|  |TAMS 0x0000000080300000, 0x0000000080200000| Untracked 
|   3|0x0000000080300000, 0x0000000080400000, 0x0000000080400000|100%|HS|  |TAMS 0x0000000080400000, 0x0000000080300000| Complete 
|   4|0x0000000080400000, 0x0000000080500000, 0x0000000080500000|100%|HC|  |TAMS 0x0000000080500000, 0x0000000080400000| Complete 
|   5|0x0000000080500000, 0x0000000080600000, 0x0000000080600000|100%|HC|  |TAMS 0x0000000080600000, 0x0000000080500000| Complete 
|   6|0x0000000080600000, 0x0000000080700000, 0x0000000080700000|100%| O|  |TAMS 0x0000000080700000, 0x0000000080600000| Untracked 
|   7|0x0000000080700000, 0x0000000080800000, 0x0000000080800000|100%| O|  |TAMS 0x0000000080800000, 0x0000000080700000| Untracked 
|   8|0x0000000080800000, 0x0000000080900000, 0x0000000080900000|100%| O|  |TAMS 0x0000000080900000, 0x0000000080800000| Untracked 
|   9|0x0000000080900000, 0x0000000080a00000, 0x0000000080a00000|100%| O|  |TAMS 0x0000000080a00000, 0x0000000080900000| Untracked 
|  10|0x0000000080a00000, 0x0000000080b00000, 0x0000000080b00000|100%| O|  |TAMS 0x0000000080b00000, 0x0000000080a00000| Untracked 
|  11|0x0000000080b00000, 0x0000000080c00000, 0x0000000080c00000|100%| O|  |TAMS 0x0000000080c00000, 0x0000000080b00000| Untracked 
|  12|0x0000000080c00000, 0x0000000080d00000, 0x0000000080d00000|100%| O|  |TAMS 0x0000000080d00000, 0x0000000080c00000| Untracked 
|  13|0x0000000080d00000, 0x0000000080e00000, 0x0000000080e00000|100%| O|  |TAMS 0x0000000080e00000, 0x0000000080d00000| Untracked 
|  14|0x0000000080e00000, 0x0000000080f00000, 0x0000000080f00000|100%| O|  |TAMS 0x0000000080f00000, 0x0000000080e00000| Complete 
|  15|0x0000000080f00000, 0x0000000081000000, 0x0000000081000000|100%| O|  |TAMS 0x0000000081000000, 0x0000000080f00000| Untracked 
|  16|0x0000000081000000, 0x0000000081100000, 0x0000000081100000|100%|HS|  |TAMS 0x0000000081100000, 0x0000000081000000| Complete 
|  17|0x0000000081100000, 0x0000000081200000, 0x0000000081200000|100%| O|  |TAMS 0x0000000081200000, 0x0000000081100000| Untracked 
|  18|0x0000000081200000, 0x0000000081300000, 0x0000000081300000|100%| O|  |TAMS 0x0000000081300000, 0x0000000081200000| Untracked 
|  19|0x0000000081300000, 0x0000000081400000, 0x0000000081400000|100%| O|  |TAMS 0x0000000081400000, 0x0000000081300000| Complete 
|  20|0x0000000081400000, 0x0000000081500000, 0x0000000081500000|100%| O|  |TAMS 0x0000000081500000, 0x0000000081400000| Complete 
|  21|0x0000000081500000, 0x0000000081600000, 0x0000000081600000|100%| O|  |TAMS 0x0000000081600000, 0x0000000081500000| Untracked 
|  22|0x0000000081600000, 0x0000000081700000, 0x0000000081700000|100%| O|  |TAMS 0x0000000081700000, 0x0000000081600000| Complete 
|  23|0x0000000081700000, 0x0000000081800000, 0x0000000081800000|100%|HS|  |TAMS 0x0000000081800000, 0x0000000081700000| Complete 
|  24|0x0000000081800000, 0x0000000081900000, 0x0000000081900000|100%|HS|  |TAMS 0x0000000081900000, 0x0000000081800000| Complete 
|  25|0x0000000081900000, 0x0000000081a00000, 0x0000000081a00000|100%|HS|  |TAMS 0x0000000081a00000, 0x0000000081900000| Complete 
|  26|0x0000000081a00000, 0x0000000081b00000, 0x0000000081b00000|100%|HC|  |TAMS 0x0000000081b00000, 0x0000000081a00000| Complete 
|  27|0x0000000081b00000, 0x0000000081c00000, 0x0000000081c00000|100%|HC|  |TAMS 0x0000000081c00000, 0x0000000081b00000| Complete 
|  28|0x0000000081c00000, 0x0000000081d00000, 0x0000000081d00000|100%|HS|  |TAMS 0x0000000081d00000, 0x0000000081c00000| Complete 
|  29|0x0000000081d00000, 0x0000000081e00000, 0x0000000081e00000|100%|HC|  |TAMS 0x0000000081e00000, 0x0000000081d00000| Complete 
|  30|0x0000000081e00000, 0x0000000081f00000, 0x0000000081f00000|100%| O|  |TAMS 0x0000000081f00000, 0x0000000081e00000| Untracked 
|  31|0x0000000081f00000, 0x0000000082000000, 0x0000000082000000|100%| O|  |TAMS 0x0000000082000000, 0x0000000081f00000| Untracked 
|  32|0x0000000082000000, 0x0000000082100000, 0x0000000082100000|100%| O|  |TAMS 0x0000000082100000, 0x0000000082000000| Untracked 
|  33|0x0000000082100000, 0x0000000082200000, 0x0000000082200000|100%| O|  |TAMS 0x0000000082200000, 0x0000000082100000| Untracked 
|  34|0x0000000082200000, 0x0000000082300000, 0x0000000082300000|100%| O|  |TAMS 0x0000000082300000, 0x0000000082200000| Complete 
|  35|0x0000000082300000, 0x0000000082400000, 0x0000000082400000|100%| O|  |TAMS 0x0000000082400000, 0x0000000082300000| Complete 
|  36|0x0000000082400000, 0x0000000082500000, 0x0000000082500000|100%| O|  |TAMS 0x0000000082500000, 0x0000000082400000| Untracked 
|  37|0x0000000082500000, 0x0000000082600000, 0x0000000082600000|100%| O|  |TAMS 0x0000000082600000, 0x0000000082500000| Untracked 
|  38|0x0000000082600000, 0x0000000082700000, 0x0000000082700000|100%| O|  |TAMS 0x0000000082700000, 0x0000000082600000| Untracked 
|  39|0x0000000082700000, 0x0000000082800000, 0x0000000082800000|100%| O|  |TAMS 0x0000000082800000, 0x0000000082700000| Untracked 
|  40|0x0000000082800000, 0x0000000082900000, 0x0000000082900000|100%| O|  |TAMS 0x0000000082900000, 0x0000000082800000| Untracked 
|  41|0x0000000082900000, 0x0000000082a00000, 0x0000000082a00000|100%| O|  |TAMS 0x0000000082a00000, 0x0000000082900000| Untracked 
|  42|0x0000000082a00000, 0x0000000082b00000, 0x0000000082b00000|100%| O|  |TAMS 0x0000000082b00000, 0x0000000082a00000| Untracked 
|  43|0x0000000082b00000, 0x0000000082c00000, 0x0000000082c00000|100%| O|  |TAMS 0x0000000082c00000, 0x0000000082b00000| Untracked 
|  44|0x0000000082c00000, 0x0000000082d00000, 0x0000000082d00000|100%| O|  |TAMS 0x0000000082d00000, 0x0000000082c00000| Complete 
|  45|0x0000000082d00000, 0x0000000082e00000, 0x0000000082e00000|100%| O|  |TAMS 0x0000000082e00000, 0x0000000082d00000| Complete 
|  46|0x0000000082e00000, 0x0000000082f00000, 0x0000000082f00000|100%| O|  |TAMS 0x0000000082f00000, 0x0000000082e00000| Complete 
|  47|0x0000000082f00000, 0x0000000083000000, 0x0000000083000000|100%| O|  |TAMS 0x0000000083000000, 0x0000000082f00000| Complete 
|  48|0x0000000083000000, 0x0000000083100000, 0x0000000083100000|100%| O|  |TAMS 0x0000000083100000, 0x0000000083000000| Untracked 
|  49|0x0000000083100000, 0x0000000083200000, 0x0000000083200000|100%| O|  |TAMS 0x0000000083200000, 0x0000000083100000| Untracked 
|  50|0x0000000083200000, 0x0000000083300000, 0x0000000083300000|100%| O|  |TAMS 0x0000000083300000, 0x0000000083200000| Complete 
|  51|0x0000000083300000, 0x0000000083400000, 0x0000000083400000|100%| O|  |TAMS 0x0000000083400000, 0x0000000083300000| Complete 
|  52|0x0000000083400000, 0x0000000083500000, 0x0000000083500000|100%| O|  |TAMS 0x0000000083500000, 0x0000000083400000| Complete 
|  53|0x0000000083500000, 0x0000000083600000, 0x0000000083600000|100%| O|  |TAMS 0x0000000083600000, 0x0000000083500000| Untracked 
|  54|0x0000000083600000, 0x0000000083700000, 0x0000000083700000|100%| O|  |TAMS 0x0000000083700000, 0x0000000083600000| Untracked 
|  55|0x0000000083700000, 0x0000000083800000, 0x0000000083800000|100%| O|  |TAMS 0x0000000083800000, 0x0000000083700000| Untracked 
|  56|0x0000000083800000, 0x0000000083900000, 0x0000000083900000|100%| O|  |TAMS 0x0000000083900000, 0x0000000083800000| Untracked 
|  57|0x0000000083900000, 0x0000000083a00000, 0x0000000083a00000|100%| O|  |TAMS 0x0000000083a00000, 0x0000000083900000| Untracked 
|  58|0x0000000083a00000, 0x0000000083b00000, 0x0000000083b00000|100%| O|  |TAMS 0x0000000083b00000, 0x0000000083a00000| Complete 
|  59|0x0000000083b00000, 0x0000000083c00000, 0x0000000083c00000|100%| O|  |TAMS 0x0000000083c00000, 0x0000000083b00000| Complete 
|  60|0x0000000083c00000, 0x0000000083d00000, 0x0000000083d00000|100%| O|  |TAMS 0x0000000083d00000, 0x0000000083c00000| Untracked 
|  61|0x0000000083d00000, 0x0000000083e00000, 0x0000000083e00000|100%| O|  |TAMS 0x0000000083e00000, 0x0000000083d00000| Complete 
|  62|0x0000000083e00000, 0x0000000083f00000, 0x0000000083f00000|100%| O|  |TAMS 0x0000000083f00000, 0x0000000083e00000| Complete 
|  63|0x0000000083f00000, 0x0000000084000000, 0x0000000084000000|100%| O|  |TAMS 0x0000000084000000, 0x0000000083f00000| Complete 
|  64|0x0000000084000000, 0x0000000084100000, 0x0000000084100000|100%| O|  |TAMS 0x0000000084100000, 0x0000000084000000| Complete 
|  65|0x0000000084100000, 0x0000000084200000, 0x0000000084200000|100%| O|  |TAMS 0x0000000084200000, 0x0000000084100000| Untracked 
|  66|0x0000000084200000, 0x0000000084300000, 0x0000000084300000|100%| O|  |TAMS 0x0000000084300000, 0x0000000084200000| Complete 
|  67|0x0000000084300000, 0x0000000084400000, 0x0000000084400000|100%|HS|  |TAMS 0x0000000084300000, 0x0000000084300000| Complete 
|  68|0x0000000084400000, 0x0000000084500000, 0x0000000084500000|100%| O|  |TAMS 0x0000000084500000, 0x0000000084400000| Complete 
|  69|0x0000000084500000, 0x0000000084600000, 0x0000000084600000|100%| O|  |TAMS 0x0000000084600000, 0x0000000084500000| Untracked 
|  70|0x0000000084600000, 0x0000000084700000, 0x0000000084700000|100%| O|  |TAMS 0x0000000084700000, 0x0000000084600000| Complete 
|  71|0x0000000084700000, 0x0000000084800000, 0x0000000084800000|100%| O|  |TAMS 0x0000000084800000, 0x0000000084700000| Complete 
|  72|0x0000000084800000, 0x0000000084900000, 0x0000000084900000|100%| O|  |TAMS 0x0000000084900000, 0x0000000084800000| Complete 
|  73|0x0000000084900000, 0x0000000084a00000, 0x0000000084a00000|100%| O|  |TAMS 0x0000000084a00000, 0x0000000084900000| Complete 
|  74|0x0000000084a00000, 0x0000000084b00000, 0x0000000084b00000|100%| O|  |TAMS 0x0000000084b00000, 0x0000000084a00000| Complete 
|  75|0x0000000084b00000, 0x0000000084c00000, 0x0000000084c00000|100%| O|  |TAMS 0x0000000084c00000, 0x0000000084b00000| Complete 
|  76|0x0000000084c00000, 0x0000000084d00000, 0x0000000084d00000|100%| O|  |TAMS 0x0000000084d00000, 0x0000000084c00000| Untracked 
|  77|0x0000000084d00000, 0x0000000084e00000, 0x0000000084e00000|100%| O|  |TAMS 0x0000000084e00000, 0x0000000084d00000| Complete 
|  78|0x0000000084e00000, 0x0000000084f00000, 0x0000000084f00000|100%|HS|  |TAMS 0x0000000084e00000, 0x0000000084e00000| Complete 
|  79|0x0000000084f00000, 0x0000000085000000, 0x0000000085000000|100%|HC|  |TAMS 0x0000000084f00000, 0x0000000084f00000| Complete 
|  80|0x0000000085000000, 0x0000000085100000, 0x0000000085100000|100%| O|  |TAMS 0x0000000085100000, 0x0000000085000000| Complete 
|  81|0x0000000085100000, 0x0000000085200000, 0x0000000085200000|100%| O|  |TAMS 0x0000000085200000, 0x0000000085100000| Complete 
|  82|0x0000000085200000, 0x0000000085300000, 0x0000000085300000|100%| O|  |TAMS 0x0000000085300000, 0x0000000085200000| Complete 
|  83|0x0000000085300000, 0x0000000085400000, 0x0000000085400000|100%|HS|  |TAMS 0x0000000085300000, 0x0000000085300000| Complete 
|  84|0x0000000085400000, 0x0000000085500000, 0x0000000085500000|100%|HC|  |TAMS 0x0000000085400000, 0x0000000085400000| Complete 
|  85|0x0000000085500000, 0x0000000085500000, 0x0000000085600000|  0%| F|  |TAMS 0x0000000085500000, 0x0000000085500000| Untracked 
|  86|0x0000000085600000, 0x0000000085600000, 0x0000000085700000|  0%| F|  |TAMS 0x0000000085600000, 0x0000000085600000| Untracked 
|  87|0x0000000085700000, 0x0000000085700000, 0x0000000085800000|  0%| F|  |TAMS 0x0000000085700000, 0x0000000085700000| Untracked 
|  88|0x0000000085800000, 0x0000000085800000, 0x0000000085900000|  0%| F|  |TAMS 0x0000000085800000, 0x0000000085800000| Untracked 
|  89|0x0000000085900000, 0x0000000085a00000, 0x0000000085a00000|100%| O|  |TAMS 0x0000000085a00000, 0x0000000085900000| Complete 
|  90|0x0000000085a00000, 0x0000000085b00000, 0x0000000085b00000|100%| O|  |TAMS 0x0000000085b00000, 0x0000000085a00000| Complete 
|  91|0x0000000085b00000, 0x0000000085c00000, 0x0000000085c00000|100%| O|  |TAMS 0x0000000085c00000, 0x0000000085b00000| Complete 
|  92|0x0000000085c00000, 0x0000000085c00000, 0x0000000085d00000|  0%| F|  |TAMS 0x0000000085c00000, 0x0000000085c00000| Untracked 
|  93|0x0000000085d00000, 0x0000000085d00000, 0x0000000085e00000|  0%| F|  |TAMS 0x0000000085d00000, 0x0000000085d00000| Untracked 
|  94|0x0000000085e00000, 0x0000000085f00000, 0x0000000085f00000|100%| O|  |TAMS 0x0000000085f00000, 0x0000000085e00000| Complete 
|  95|0x0000000085f00000, 0x0000000086000000, 0x0000000086000000|100%| O|  |TAMS 0x0000000086000000, 0x0000000085f00000| Complete 
|  96|0x0000000086000000, 0x0000000086100000, 0x0000000086100000|100%| O|  |TAMS 0x0000000086100000, 0x0000000086000000| Complete 
|  97|0x0000000086100000, 0x0000000086200000, 0x0000000086200000|100%| O|  |TAMS 0x0000000086200000, 0x0000000086100000| Untracked 
|  98|0x0000000086200000, 0x0000000086300000, 0x0000000086300000|100%| O|  |TAMS 0x0000000086300000, 0x0000000086200000| Untracked 
|  99|0x0000000086300000, 0x0000000086400000, 0x0000000086400000|100%| O|  |TAMS 0x0000000086400000, 0x0000000086300000| Untracked 
| 100|0x0000000086400000, 0x0000000086500000, 0x0000000086500000|100%| O|  |TAMS 0x0000000086500000, 0x0000000086400000| Untracked 
| 101|0x0000000086500000, 0x0000000086600000, 0x0000000086600000|100%| O|  |TAMS 0x0000000086600000, 0x0000000086500000| Untracked 
| 102|0x0000000086600000, 0x0000000086700000, 0x0000000086700000|100%| O|  |TAMS 0x0000000086700000, 0x0000000086600000| Untracked 
| 103|0x0000000086700000, 0x0000000086800000, 0x0000000086800000|100%| O|  |TAMS 0x0000000086800000, 0x0000000086700000| Untracked 
| 104|0x0000000086800000, 0x0000000086900000, 0x0000000086900000|100%| O|  |TAMS 0x0000000086900000, 0x0000000086800000| Complete 
| 105|0x0000000086900000, 0x0000000086a00000, 0x0000000086a00000|100%| O|  |TAMS 0x0000000086a00000, 0x0000000086900000| Untracked 
| 106|0x0000000086a00000, 0x0000000086b00000, 0x0000000086b00000|100%| O|  |TAMS 0x0000000086b00000, 0x0000000086a00000| Untracked 
| 107|0x0000000086b00000, 0x0000000086b43000, 0x0000000086c00000| 26%| O|  |TAMS 0x0000000086b43000, 0x0000000086b00000| Untracked 
| 108|0x0000000086c00000, 0x0000000086c00000, 0x0000000086d00000|  0%| F|  |TAMS 0x0000000086c00000, 0x0000000086c00000| Untracked 
| 109|0x0000000086d00000, 0x0000000086e00000, 0x0000000086e00000|100%| O|  |TAMS 0x0000000086e00000, 0x0000000086d00000| Complete 
| 110|0x0000000086e00000, 0x0000000086f00000, 0x0000000086f00000|100%| O|  |TAMS 0x0000000086f00000, 0x0000000086e00000| Complete 
| 111|0x0000000086f00000, 0x0000000087000000, 0x0000000087000000|100%| O|  |TAMS 0x0000000087000000, 0x0000000086f00000| Complete 
| 112|0x0000000087000000, 0x0000000087000000, 0x0000000087100000|  0%| F|  |TAMS 0x0000000087000000, 0x0000000087000000| Untracked 
| 113|0x0000000087100000, 0x0000000087100000, 0x0000000087200000|  0%| F|  |TAMS 0x0000000087100000, 0x0000000087100000| Untracked 
| 114|0x0000000087200000, 0x0000000087200000, 0x0000000087300000|  0%| F|  |TAMS 0x0000000087200000, 0x0000000087200000| Untracked 
| 115|0x0000000087300000, 0x0000000087300000, 0x0000000087400000|  0%| F|  |TAMS 0x0000000087300000, 0x0000000087300000| Untracked 
| 116|0x0000000087400000, 0x0000000087400000, 0x0000000087500000|  0%| F|  |TAMS 0x0000000087400000, 0x0000000087400000| Untracked 
| 117|0x0000000087500000, 0x0000000087500000, 0x0000000087600000|  0%| F|  |TAMS 0x0000000087500000, 0x0000000087500000| Untracked 
| 118|0x0000000087600000, 0x0000000087600000, 0x0000000087700000|  0%| F|  |TAMS 0x0000000087600000, 0x0000000087600000| Untracked 
| 119|0x0000000087700000, 0x0000000087700000, 0x0000000087800000|  0%| F|  |TAMS 0x0000000087700000, 0x0000000087700000| Untracked 
| 120|0x0000000087800000, 0x0000000087800000, 0x0000000087900000|  0%| F|  |TAMS 0x0000000087800000, 0x0000000087800000| Untracked 
| 121|0x0000000087900000, 0x0000000087900000, 0x0000000087a00000|  0%| F|  |TAMS 0x0000000087900000, 0x0000000087900000| Untracked 
| 122|0x0000000087a00000, 0x0000000087a00000, 0x0000000087b00000|  0%| F|  |TAMS 0x0000000087a00000, 0x0000000087a00000| Untracked 
| 123|0x0000000087b00000, 0x0000000087c00000, 0x0000000087c00000|100%| O|  |TAMS 0x0000000087c00000, 0x0000000087b00000| Complete 
| 124|0x0000000087c00000, 0x0000000087c00000, 0x0000000087d00000|  0%| F|  |TAMS 0x0000000087c00000, 0x0000000087c00000| Untracked 
| 125|0x0000000087d00000, 0x0000000087d00000, 0x0000000087e00000|  0%| F|  |TAMS 0x0000000087d00000, 0x0000000087d00000| Untracked 
| 126|0x0000000087e00000, 0x0000000087e00000, 0x0000000087f00000|  0%| F|  |TAMS 0x0000000087e00000, 0x0000000087e00000| Untracked 
| 127|0x0000000087f00000, 0x0000000087f00000, 0x0000000088000000|  0%| F|  |TAMS 0x0000000087f00000, 0x0000000087f00000| Untracked 
| 128|0x0000000088000000, 0x0000000088000000, 0x0000000088100000|  0%| F|  |TAMS 0x0000000088000000, 0x0000000088000000| Untracked 
| 129|0x0000000088100000, 0x0000000088100000, 0x0000000088200000|  0%| F|  |TAMS 0x0000000088100000, 0x0000000088100000| Untracked 
| 130|0x0000000088200000, 0x0000000088200000, 0x0000000088300000|  0%| F|  |TAMS 0x0000000088200000, 0x0000000088200000| Untracked 
| 131|0x0000000088300000, 0x0000000088300000, 0x0000000088400000|  0%| F|  |TAMS 0x0000000088300000, 0x0000000088300000| Untracked 
| 132|0x0000000088400000, 0x0000000088400000, 0x0000000088500000|  0%| F|  |TAMS 0x0000000088400000, 0x0000000088400000| Untracked 
| 133|0x0000000088500000, 0x0000000088500000, 0x0000000088600000|  0%| F|  |TAMS 0x0000000088500000, 0x0000000088500000| Untracked 
| 134|0x0000000088600000, 0x0000000088600000, 0x0000000088700000|  0%| F|  |TAMS 0x0000000088600000, 0x0000000088600000| Untracked 
| 135|0x0000000088700000, 0x0000000088700000, 0x0000000088800000|  0%| F|  |TAMS 0x0000000088700000, 0x0000000088700000| Untracked 
| 136|0x0000000088800000, 0x0000000088800000, 0x0000000088900000|  0%| F|  |TAMS 0x0000000088800000, 0x0000000088800000| Untracked 
| 137|0x0000000088900000, 0x0000000088a00000, 0x0000000088a00000|100%| O|  |TAMS 0x0000000088a00000, 0x0000000088900000| Complete 
| 138|0x0000000088a00000, 0x0000000088a00000, 0x0000000088b00000|  0%| F|  |TAMS 0x0000000088a00000, 0x0000000088a00000| Untracked 
| 139|0x0000000088b00000, 0x0000000088b00000, 0x0000000088c00000|  0%| F|  |TAMS 0x0000000088b00000, 0x0000000088b00000| Untracked 
| 140|0x0000000088c00000, 0x0000000088c00000, 0x0000000088d00000|  0%| F|  |TAMS 0x0000000088c00000, 0x0000000088c00000| Untracked 
| 141|0x0000000088d00000, 0x0000000088d00000, 0x0000000088e00000|  0%| F|  |TAMS 0x0000000088d00000, 0x0000000088d00000| Untracked 
| 142|0x0000000088e00000, 0x0000000088e00000, 0x0000000088f00000|  0%| F|  |TAMS 0x0000000088e00000, 0x0000000088e00000| Untracked 
| 143|0x0000000088f00000, 0x0000000088f00000, 0x0000000089000000|  0%| F|  |TAMS 0x0000000088f00000, 0x0000000088f00000| Untracked 
| 144|0x0000000089000000, 0x0000000089000000, 0x0000000089100000|  0%| F|  |TAMS 0x0000000089000000, 0x0000000089000000| Untracked 
| 145|0x0000000089100000, 0x0000000089100000, 0x0000000089200000|  0%| F|  |TAMS 0x0000000089100000, 0x0000000089100000| Untracked 
| 146|0x0000000089200000, 0x0000000089200000, 0x0000000089300000|  0%| F|  |TAMS 0x0000000089200000, 0x0000000089200000| Untracked 
| 147|0x0000000089300000, 0x0000000089300000, 0x0000000089400000|  0%| F|  |TAMS 0x0000000089300000, 0x0000000089300000| Untracked 
| 148|0x0000000089400000, 0x0000000089400000, 0x0000000089500000|  0%| F|  |TAMS 0x0000000089400000, 0x0000000089400000| Untracked 
| 149|0x0000000089500000, 0x0000000089500000, 0x0000000089600000|  0%| F|  |TAMS 0x0000000089500000, 0x0000000089500000| Untracked 
| 150|0x0000000089600000, 0x0000000089600000, 0x0000000089700000|  0%| F|  |TAMS 0x0000000089600000, 0x0000000089600000| Untracked 
| 151|0x0000000089700000, 0x0000000089700000, 0x0000000089800000|  0%| F|  |TAMS 0x0000000089700000, 0x0000000089700000| Untracked 
| 152|0x0000000089800000, 0x0000000089800000, 0x0000000089900000|  0%| F|  |TAMS 0x0000000089800000, 0x0000000089800000| Untracked 
| 153|0x0000000089900000, 0x0000000089900000, 0x0000000089a00000|  0%| F|  |TAMS 0x0000000089900000, 0x0000000089900000| Untracked 
| 154|0x0000000089a00000, 0x0000000089a00000, 0x0000000089b00000|  0%| F|  |TAMS 0x0000000089a00000, 0x0000000089a00000| Untracked 
| 155|0x0000000089b00000, 0x0000000089b00000, 0x0000000089c00000|  0%| F|  |TAMS 0x0000000089b00000, 0x0000000089b00000| Untracked 
| 156|0x0000000089c00000, 0x0000000089c00000, 0x0000000089d00000|  0%| F|  |TAMS 0x0000000089c00000, 0x0000000089c00000| Untracked 
| 157|0x0000000089d00000, 0x0000000089d00000, 0x0000000089e00000|  0%| F|  |TAMS 0x0000000089d00000, 0x0000000089d00000| Untracked 
| 158|0x0000000089e00000, 0x0000000089e00000, 0x0000000089f00000|  0%| F|  |TAMS 0x0000000089e00000, 0x0000000089e00000| Untracked 
| 159|0x0000000089f00000, 0x0000000089f00000, 0x000000008a000000|  0%| F|  |TAMS 0x0000000089f00000, 0x0000000089f00000| Untracked 
| 160|0x000000008a000000, 0x000000008a000000, 0x000000008a100000|  0%| F|  |TAMS 0x000000008a000000, 0x000000008a000000| Untracked 
| 161|0x000000008a100000, 0x000000008a100000, 0x000000008a200000|  0%| F|  |TAMS 0x000000008a100000, 0x000000008a100000| Untracked 
| 162|0x000000008a200000, 0x000000008a200000, 0x000000008a300000|  0%| F|  |TAMS 0x000000008a200000, 0x000000008a200000| Untracked 
| 163|0x000000008a300000, 0x000000008a300000, 0x000000008a400000|  0%| F|  |TAMS 0x000000008a300000, 0x000000008a300000| Untracked 
| 164|0x000000008a400000, 0x000000008a400000, 0x000000008a500000|  0%| F|  |TAMS 0x000000008a400000, 0x000000008a400000| Untracked 
| 165|0x000000008a500000, 0x000000008a500000, 0x000000008a600000|  0%| F|  |TAMS 0x000000008a500000, 0x000000008a500000| Untracked 
| 166|0x000000008a600000, 0x000000008a600000, 0x000000008a700000|  0%| F|  |TAMS 0x000000008a600000, 0x000000008a600000| Untracked 
| 167|0x000000008a700000, 0x000000008a700000, 0x000000008a800000|  0%| F|  |TAMS 0x000000008a700000, 0x000000008a700000| Untracked 
| 168|0x000000008a800000, 0x000000008a800000, 0x000000008a900000|  0%| F|  |TAMS 0x000000008a800000, 0x000000008a800000| Untracked 
| 169|0x000000008a900000, 0x000000008a900000, 0x000000008aa00000|  0%| F|  |TAMS 0x000000008a900000, 0x000000008a900000| Untracked 
| 170|0x000000008aa00000, 0x000000008aa00000, 0x000000008ab00000|  0%| F|  |TAMS 0x000000008aa00000, 0x000000008aa00000| Untracked 
| 171|0x000000008ab00000, 0x000000008ab00000, 0x000000008ac00000|  0%| F|  |TAMS 0x000000008ab00000, 0x000000008ab00000| Untracked 
| 172|0x000000008ac00000, 0x000000008ac00000, 0x000000008ad00000|  0%| F|  |TAMS 0x000000008ac00000, 0x000000008ac00000| Untracked 
| 173|0x000000008ad00000, 0x000000008ad00000, 0x000000008ae00000|  0%| F|  |TAMS 0x000000008ad00000, 0x000000008ad00000| Untracked 
| 174|0x000000008ae00000, 0x000000008ae00000, 0x000000008af00000|  0%| F|  |TAMS 0x000000008ae00000, 0x000000008ae00000| Untracked 
| 175|0x000000008af00000, 0x000000008af00000, 0x000000008b000000|  0%| F|  |TAMS 0x000000008af00000, 0x000000008af00000| Untracked 
| 176|0x000000008b000000, 0x000000008b000000, 0x000000008b100000|  0%| F|  |TAMS 0x000000008b000000, 0x000000008b000000| Untracked 
| 177|0x000000008b100000, 0x000000008b100000, 0x000000008b200000|  0%| F|  |TAMS 0x000000008b100000, 0x000000008b100000| Untracked 
| 178|0x000000008b200000, 0x000000008b200000, 0x000000008b300000|  0%| F|  |TAMS 0x000000008b200000, 0x000000008b200000| Untracked 
| 179|0x000000008b300000, 0x000000008b300000, 0x000000008b400000|  0%| F|  |TAMS 0x000000008b300000, 0x000000008b300000| Untracked 
| 180|0x000000008b400000, 0x000000008b400000, 0x000000008b500000|  0%| F|  |TAMS 0x000000008b400000, 0x000000008b400000| Untracked 
| 181|0x000000008b500000, 0x000000008b500000, 0x000000008b600000|  0%| F|  |TAMS 0x000000008b500000, 0x000000008b500000| Untracked 
| 182|0x000000008b600000, 0x000000008b600000, 0x000000008b700000|  0%| F|  |TAMS 0x000000008b600000, 0x000000008b600000| Untracked 
| 183|0x000000008b700000, 0x000000008b700000, 0x000000008b800000|  0%| F|  |TAMS 0x000000008b700000, 0x000000008b700000| Untracked 
| 184|0x000000008b800000, 0x000000008b800000, 0x000000008b900000|  0%| F|  |TAMS 0x000000008b800000, 0x000000008b800000| Untracked 
| 185|0x000000008b900000, 0x000000008b900000, 0x000000008ba00000|  0%| F|  |TAMS 0x000000008b900000, 0x000000008b900000| Untracked 
| 186|0x000000008ba00000, 0x000000008ba00000, 0x000000008bb00000|  0%| F|  |TAMS 0x000000008ba00000, 0x000000008ba00000| Untracked 
| 187|0x000000008bb00000, 0x000000008bb00000, 0x000000008bc00000|  0%| F|  |TAMS 0x000000008bb00000, 0x000000008bb00000| Untracked 
| 188|0x000000008bc00000, 0x000000008bc00000, 0x000000008bd00000|  0%| F|  |TAMS 0x000000008bc00000, 0x000000008bc00000| Untracked 
| 189|0x000000008bd00000, 0x000000008bd00000, 0x000000008be00000|  0%| F|  |TAMS 0x000000008bd00000, 0x000000008bd00000| Untracked 
| 190|0x000000008be00000, 0x000000008be00000, 0x000000008bf00000|  0%| F|  |TAMS 0x000000008be00000, 0x000000008be00000| Untracked 
| 191|0x000000008bf00000, 0x000000008bf00000, 0x000000008c000000|  0%| F|  |TAMS 0x000000008bf00000, 0x000000008bf00000| Untracked 
| 192|0x000000008c000000, 0x000000008c000000, 0x000000008c100000|  0%| F|  |TAMS 0x000000008c000000, 0x000000008c000000| Untracked 
| 193|0x000000008c100000, 0x000000008c100000, 0x000000008c200000|  0%| F|  |TAMS 0x000000008c100000, 0x000000008c100000| Untracked 
| 194|0x000000008c200000, 0x000000008c200000, 0x000000008c300000|  0%| F|  |TAMS 0x000000008c200000, 0x000000008c200000| Untracked 
| 195|0x000000008c300000, 0x000000008c300000, 0x000000008c400000|  0%| F|  |TAMS 0x000000008c300000, 0x000000008c300000| Untracked 
| 196|0x000000008c400000, 0x000000008c400000, 0x000000008c500000|  0%| F|  |TAMS 0x000000008c400000, 0x000000008c400000| Untracked 
| 197|0x000000008c500000, 0x000000008c500000, 0x000000008c600000|  0%| F|  |TAMS 0x000000008c500000, 0x000000008c500000| Untracked 
| 198|0x000000008c600000, 0x000000008c600000, 0x000000008c700000|  0%| F|  |TAMS 0x000000008c600000, 0x000000008c600000| Untracked 
| 199|0x000000008c700000, 0x000000008c700000, 0x000000008c800000|  0%| F|  |TAMS 0x000000008c700000, 0x000000008c700000| Untracked 
| 200|0x000000008c800000, 0x000000008c800000, 0x000000008c900000|  0%| F|  |TAMS 0x000000008c800000, 0x000000008c800000| Untracked 
| 201|0x000000008c900000, 0x000000008c900000, 0x000000008ca00000|  0%| F|  |TAMS 0x000000008c900000, 0x000000008c900000| Untracked 
| 202|0x000000008ca00000, 0x000000008ca00000, 0x000000008cb00000|  0%| F|  |TAMS 0x000000008ca00000, 0x000000008ca00000| Untracked 
| 203|0x000000008cb00000, 0x000000008cb00000, 0x000000008cc00000|  0%| F|  |TAMS 0x000000008cb00000, 0x000000008cb00000| Untracked 
| 204|0x000000008cc00000, 0x000000008cc00000, 0x000000008cd00000|  0%| F|  |TAMS 0x000000008cc00000, 0x000000008cc00000| Untracked 
| 205|0x000000008cd00000, 0x000000008cd00000, 0x000000008ce00000|  0%| F|  |TAMS 0x000000008cd00000, 0x000000008cd00000| Untracked 
| 206|0x000000008ce00000, 0x000000008ce00000, 0x000000008cf00000|  0%| F|  |TAMS 0x000000008ce00000, 0x000000008ce00000| Untracked 
| 207|0x000000008cf00000, 0x000000008cf00000, 0x000000008d000000|  0%| F|  |TAMS 0x000000008cf00000, 0x000000008cf00000| Untracked 
| 208|0x000000008d000000, 0x000000008d000000, 0x000000008d100000|  0%| F|  |TAMS 0x000000008d000000, 0x000000008d000000| Untracked 
| 209|0x000000008d100000, 0x000000008d100000, 0x000000008d200000|  0%| F|  |TAMS 0x000000008d100000, 0x000000008d100000| Untracked 
| 210|0x000000008d200000, 0x000000008d200000, 0x000000008d300000|  0%| F|  |TAMS 0x000000008d200000, 0x000000008d200000| Untracked 
| 211|0x000000008d300000, 0x000000008d300000, 0x000000008d400000|  0%| F|  |TAMS 0x000000008d300000, 0x000000008d300000| Untracked 
| 212|0x000000008d400000, 0x000000008d400000, 0x000000008d500000|  0%| F|  |TAMS 0x000000008d400000, 0x000000008d400000| Untracked 
| 213|0x000000008d500000, 0x000000008d500000, 0x000000008d600000|  0%| F|  |TAMS 0x000000008d500000, 0x000000008d500000| Untracked 
| 214|0x000000008d600000, 0x000000008d600000, 0x000000008d700000|  0%| F|  |TAMS 0x000000008d600000, 0x000000008d600000| Untracked 
| 215|0x000000008d700000, 0x000000008d700000, 0x000000008d800000|  0%| F|  |TAMS 0x000000008d700000, 0x000000008d700000| Untracked 
| 216|0x000000008d800000, 0x000000008d800000, 0x000000008d900000|  0%| F|  |TAMS 0x000000008d800000, 0x000000008d800000| Untracked 
| 217|0x000000008d900000, 0x000000008d900000, 0x000000008da00000|  0%| F|  |TAMS 0x000000008d900000, 0x000000008d900000| Untracked 
| 218|0x000000008da00000, 0x000000008da00000, 0x000000008db00000|  0%| F|  |TAMS 0x000000008da00000, 0x000000008da00000| Untracked 
| 219|0x000000008db00000, 0x000000008db00000, 0x000000008dc00000|  0%| F|  |TAMS 0x000000008db00000, 0x000000008db00000| Untracked 
| 220|0x000000008dc00000, 0x000000008dc00000, 0x000000008dd00000|  0%| F|  |TAMS 0x000000008dc00000, 0x000000008dc00000| Untracked 
| 221|0x000000008dd00000, 0x000000008dd00000, 0x000000008de00000|  0%| F|  |TAMS 0x000000008dd00000, 0x000000008dd00000| Untracked 
| 222|0x000000008de00000, 0x000000008de00000, 0x000000008df00000|  0%| F|  |TAMS 0x000000008de00000, 0x000000008de00000| Untracked 
| 223|0x000000008df00000, 0x000000008df00000, 0x000000008e000000|  0%| F|  |TAMS 0x000000008df00000, 0x000000008df00000| Untracked 
| 224|0x000000008e000000, 0x000000008e000000, 0x000000008e100000|  0%| F|  |TAMS 0x000000008e000000, 0x000000008e000000| Untracked 
| 225|0x000000008e100000, 0x000000008e100000, 0x000000008e200000|  0%| F|  |TAMS 0x000000008e100000, 0x000000008e100000| Untracked 
| 226|0x000000008e200000, 0x000000008e200000, 0x000000008e300000|  0%| F|  |TAMS 0x000000008e200000, 0x000000008e200000| Untracked 
| 227|0x000000008e300000, 0x000000008e300000, 0x000000008e400000|  0%| F|  |TAMS 0x000000008e300000, 0x000000008e300000| Untracked 
| 228|0x000000008e400000, 0x000000008e400000, 0x000000008e500000|  0%| F|  |TAMS 0x000000008e400000, 0x000000008e400000| Untracked 
| 229|0x000000008e500000, 0x000000008e500000, 0x000000008e600000|  0%| F|  |TAMS 0x000000008e500000, 0x000000008e500000| Untracked 
| 230|0x000000008e600000, 0x000000008e600000, 0x000000008e700000|  0%| F|  |TAMS 0x000000008e600000, 0x000000008e600000| Untracked 
| 231|0x000000008e700000, 0x000000008e700000, 0x000000008e800000|  0%| F|  |TAMS 0x000000008e700000, 0x000000008e700000| Untracked 
| 232|0x000000008e800000, 0x000000008e800000, 0x000000008e900000|  0%| F|  |TAMS 0x000000008e800000, 0x000000008e800000| Untracked 
| 233|0x000000008e900000, 0x000000008e900000, 0x000000008ea00000|  0%| F|  |TAMS 0x000000008e900000, 0x000000008e900000| Untracked 
| 234|0x000000008ea00000, 0x000000008ea00000, 0x000000008eb00000|  0%| F|  |TAMS 0x000000008ea00000, 0x000000008ea00000| Untracked 
| 235|0x000000008eb00000, 0x000000008eb00000, 0x000000008ec00000|  0%| F|  |TAMS 0x000000008eb00000, 0x000000008eb00000| Untracked 
| 236|0x000000008ec00000, 0x000000008ec00000, 0x000000008ed00000|  0%| F|  |TAMS 0x000000008ec00000, 0x000000008ec00000| Untracked 
| 237|0x000000008ed00000, 0x000000008ed00000, 0x000000008ee00000|  0%| F|  |TAMS 0x000000008ed00000, 0x000000008ed00000| Untracked 
| 238|0x000000008ee00000, 0x000000008ee00000, 0x000000008ef00000|  0%| F|  |TAMS 0x000000008ee00000, 0x000000008ee00000| Untracked 
| 239|0x000000008ef00000, 0x000000008ef00000, 0x000000008f000000|  0%| F|  |TAMS 0x000000008ef00000, 0x000000008ef00000| Untracked 
| 240|0x000000008f000000, 0x000000008f000000, 0x000000008f100000|  0%| F|  |TAMS 0x000000008f000000, 0x000000008f000000| Untracked 
| 241|0x000000008f100000, 0x000000008f100000, 0x000000008f200000|  0%| F|  |TAMS 0x000000008f100000, 0x000000008f100000| Untracked 
| 242|0x000000008f200000, 0x000000008f200000, 0x000000008f300000|  0%| F|  |TAMS 0x000000008f200000, 0x000000008f200000| Untracked 
| 243|0x000000008f300000, 0x000000008f300000, 0x000000008f400000|  0%| F|  |TAMS 0x000000008f300000, 0x000000008f300000| Untracked 
| 244|0x000000008f400000, 0x000000008f400000, 0x000000008f500000|  0%| F|  |TAMS 0x000000008f400000, 0x000000008f400000| Untracked 
| 245|0x000000008f500000, 0x000000008f500000, 0x000000008f600000|  0%| F|  |TAMS 0x000000008f500000, 0x000000008f500000| Untracked 
| 246|0x000000008f600000, 0x000000008f600000, 0x000000008f700000|  0%| F|  |TAMS 0x000000008f600000, 0x000000008f600000| Untracked 
| 247|0x000000008f700000, 0x000000008f713430, 0x000000008f800000|  7%| E|  |TAMS 0x000000008f700000, 0x000000008f700000| Complete 
| 248|0x000000008f800000, 0x000000008f900000, 0x000000008f900000|100%| E|CS|TAMS 0x000000008f800000, 0x000000008f800000| Complete 
| 249|0x000000008f900000, 0x000000008fa00000, 0x000000008fa00000|100%| E|CS|TAMS 0x000000008f900000, 0x000000008f900000| Complete 
| 250|0x000000008fa00000, 0x000000008fb00000, 0x000000008fb00000|100%| E|CS|TAMS 0x000000008fa00000, 0x000000008fa00000| Complete 
| 251|0x000000008fb00000, 0x000000008fb462d0, 0x000000008fc00000| 27%| S|CS|TAMS 0x000000008fb00000, 0x000000008fb00000| Complete 
| 252|0x000000008fc00000, 0x000000008fd00000, 0x000000008fd00000|100%| E|CS|TAMS 0x000000008fc00000, 0x000000008fc00000| Complete 

Card table byte_map: [0x00000209f6360000,0x00000209f6760000] _byte_map_base: 0x00000209f5f60000

Marking Bits (Prev, Next): (CMBitMap*) 0x00000209e316af38, (CMBitMap*) 0x00000209e316af70
 Prev Bits: [0x00000209f6b60000, 0x00000209f8b60000)
 Next Bits: [0x00000209f8b60000, 0x00000209fab60000)

Polling page: 0x00000209e10d0000

Metaspace:

Usage:
  Non-class:    107.32 MB capacity,   105.27 MB ( 98%) used,     1.64 MB (  2%) free+waste,   413.50 KB ( <1%) overhead. 
      Class:     16.73 MB capacity,    15.48 MB ( 93%) used,     1.07 MB (  6%) free+waste,   183.56 KB (  1%) overhead. 
       Both:    124.05 MB capacity,   120.75 MB ( 97%) used,     2.71 MB (  2%) free+waste,   597.06 KB ( <1%) overhead. 

Virtual space:
  Non-class space:      108.00 MB reserved,     107.50 MB (>99%) committed 
      Class space:        1.00 GB reserved,      16.95 MB (  2%) committed 
             Both:        1.11 GB reserved,     124.45 MB ( 11%) committed 

Chunk freelists:
   Non-Class:  61.00 KB
       Class:  116.00 KB
        Both:  177.00 KB

MaxMetaspaceSize: 17179869184.00 GB
CompressedClassSpaceSize: 1.00 GB

CodeHeap 'non-profiled nmethods': size=120000Kb used=11559Kb max_used=12066Kb free=108440Kb
 bounds [0x00000209ee6f0000, 0x00000209ef2d0000, 0x00000209f5c20000]
CodeHeap 'profiled nmethods': size=120000Kb used=38716Kb max_used=39983Kb free=81283Kb
 bounds [0x00000209e71c0000, 0x00000209e98f0000, 0x00000209ee6f0000]
CodeHeap 'non-nmethods': size=5760Kb used=2378Kb max_used=2475Kb free=3381Kb
 bounds [0x00000209e6c20000, 0x00000209e6ea0000, 0x00000209e71c0000]
 total_blobs=18937 nmethods=17921 adapters=926
 compilation: enabled
              stopped_count=0, restarted_count=0
 full_count=0

Compilation events (20 events):
Event: 231.180 Thread 0x00000209fde4f800 19168       3       org.gradle.api.internal.plugins.DslObject::<init> (10 bytes)
Event: 231.180 Thread 0x00000209fde4f800 nmethod 19168 0x00000209e72b9d10 code [0x00000209e72b9ec0, 0x00000209e72ba078]
Event: 231.180 Thread 0x00000209fde4f800 19169       3       org.gradle.model.internal.type.ModelType::of (5 bytes)
Event: 231.181 Thread 0x00000209fde4f800 nmethod 19169 0x00000209e72b9490 code [0x00000209e72b9680, 0x00000209e72b9a88]
Event: 231.194 Thread 0x00000209fde4f800 19174       3       org.gradle.internal.snapshot.MissingFileSnapshot::getType (4 bytes)
Event: 231.195 Thread 0x00000209fde4f800 nmethod 19174 0x00000209e7295290 code [0x00000209e7295440, 0x00000209e7295558]
Event: 231.205 Thread 0x00000209fde4f800 19175       3       java.util.HashMap$HashIterator::remove (75 bytes)
Event: 231.205 Thread 0x00000209fde4f800 nmethod 19175 0x00000209e72bd410 code [0x00000209e72bd600, 0x00000209e72bd9c8]
Event: 231.208 Thread 0x00000209fde4f800 19176       3       org.gradle.internal.vfs.impl.DefaultSnapshotHierarchy::invalidate (64 bytes)
Event: 231.211 Thread 0x00000209fde4f800 nmethod 19176 0x00000209e72d8810 code [0x00000209e72d8c00, 0x00000209e72da8c8]
Event: 231.213 Thread 0x0000020989963000 nmethod 19157 0x00000209ee7a9e90 code [0x00000209ee7aa0e0, 0x00000209ee7ab930]
Event: 231.213 Thread 0x0000020989963000 19166       4       java.util.TreeSet::add (22 bytes)
Event: 231.215 Thread 0x0000020989963000 nmethod 19166 0x00000209ee777590 code [0x00000209ee777740, 0x00000209ee777808]
Event: 231.215 Thread 0x0000020989963000 19172       4       org.gradle.internal.snapshot.DirectorySnapshot$$Lambda$1035/0x0000000100b44040::accept (16 bytes)
Event: 231.219 Thread 0x00000209fde4f800 19178   !   3       java.lang.ThreadGroup::remove (94 bytes)
Event: 231.220 Thread 0x00000209fde4f800 nmethod 19178 0x00000209e72bc890 code [0x00000209e72bca80, 0x00000209e72bd148]
Event: 231.220 Thread 0x00000209fde4f800 19180       3       java.util.concurrent.ConcurrentLinkedQueue::tryCasSuccessor (38 bytes)
Event: 231.222 Thread 0x0000020989963000 nmethod 19172 0x00000209ee786410 code [0x00000209ee7865e0, 0x00000209ee7868f8]
Event: 231.222 Thread 0x0000020989963000 19170       4       org.gradle.internal.watch.registry.impl.WatchableHierarchies$RemoveUnwatchedFiles::visitEntry (21 bytes)
Event: 231.222 Thread 0x00000209fde4f800 nmethod 19180 0x00000209e72ccf90 code [0x00000209e72cd320, 0x00000209e72ce858]

GC Heap History (20 events):
Event: 33.001 GC heap before
{Heap before GC invocations=41 (full 0):
 garbage-first heap   total 259072K, used 147209K [0x0000000080000000, 0x0000000100000000)
  region size 1024K, 17 young (17408K), 1 survivors (1024K)
 Metaspace       used 113310K, capacity 116194K, committed 116428K, reserved 1150976K
  class space    used 14750K, capacity 15807K, committed 15820K, reserved 1048576K
}
Event: 33.007 GC heap after
{Heap after GC invocations=42 (full 0):
 garbage-first heap   total 259072K, used 132324K [0x0000000080000000, 0x0000000100000000)
  region size 1024K, 2 young (2048K), 2 survivors (2048K)
 Metaspace       used 113310K, capacity 116194K, committed 116428K, reserved 1150976K
  class space    used 14750K, capacity 15807K, committed 15820K, reserved 1048576K
}
Event: 33.936 GC heap before
{Heap before GC invocations=43 (full 0):
 garbage-first heap   total 259072K, used 176356K [0x0000000080000000, 0x0000000100000000)
  region size 1024K, 56 young (57344K), 2 survivors (2048K)
 Metaspace       used 117890K, capacity 120980K, committed 121164K, reserved 1153024K
  class space    used 15425K, capacity 16614K, committed 16716K, reserved 1048576K
}
Event: 33.947 GC heap after
{Heap after GC invocations=44 (full 0):
 garbage-first heap   total 259072K, used 125145K [0x0000000080000000, 0x0000000100000000)
  region size 1024K, 7 young (7168K), 7 survivors (7168K)
 Metaspace       used 117890K, capacity 120980K, committed 121164K, reserved 1153024K
  class space    used 15425K, capacity 16614K, committed 16716K, reserved 1048576K
}
Event: 34.000 GC heap before
{Heap before GC invocations=44 (full 0):
 garbage-first heap   total 259072K, used 130265K [0x0000000080000000, 0x0000000100000000)
  region size 1024K, 12 young (12288K), 7 survivors (7168K)
 Metaspace       used 118298K, capacity 121400K, committed 121676K, reserved 1155072K
  class space    used 15453K, capacity 16666K, committed 16716K, reserved 1048576K
}
Event: 34.007 GC heap after
{Heap after GC invocations=45 (full 0):
 garbage-first heap   total 259072K, used 103240K [0x0000000080000000, 0x0000000100000000)
  region size 1024K, 1 young (1024K), 1 survivors (1024K)
 Metaspace       used 118298K, capacity 121400K, committed 121676K, reserved 1155072K
  class space    used 15453K, capacity 16666K, committed 16716K, reserved 1048576K
}
Event: 35.116 GC heap before
{Heap before GC invocations=45 (full 0):
 garbage-first heap   total 259072K, used 182088K [0x0000000080000000, 0x0000000100000000)
  region size 1024K, 66 young (67584K), 1 survivors (1024K)
 Metaspace       used 120957K, capacity 124325K, committed 124364K, reserved 1157120K
  class space    used 15787K, capacity 17082K, committed 17100K, reserved 1048576K
}
Event: 35.121 GC heap after
{Heap after GC invocations=46 (full 0):
 garbage-first heap   total 259072K, used 107946K [0x0000000080000000, 0x0000000100000000)
  region size 1024K, 2 young (2048K), 2 survivors (2048K)
 Metaspace       used 120957K, capacity 124325K, committed 124364K, reserved 1157120K
  class space    used 15787K, capacity 17082K, committed 17100K, reserved 1048576K
}
Event: 130.690 GC heap before
{Heap before GC invocations=47 (full 0):
 garbage-first heap   total 259072K, used 182698K [0x0000000080000000, 0x0000000100000000)
  region size 1024K, 75 young (76800K), 2 survivors (2048K)
 Metaspace       used 122491K, capacity 125830K, committed 126412K, reserved 1159168K
  class space    used 15823K, capacity 17089K, committed 17356K, reserved 1048576K
}
Event: 130.703 GC heap after
{Heap after GC invocations=48 (full 0):
 garbage-first heap   total 259072K, used 109640K [0x0000000080000000, 0x0000000100000000)
  region size 1024K, 8 young (8192K), 8 survivors (8192K)
 Metaspace       used 122491K, capacity 125830K, committed 126412K, reserved 1159168K
  class space    used 15823K, capacity 17089K, committed 17356K, reserved 1048576K
}
Event: 130.801 GC heap before
{Heap before GC invocations=48 (full 0):
 garbage-first heap   total 259072K, used 112712K [0x0000000080000000, 0x0000000100000000)
  region size 1024K, 12 young (12288K), 8 survivors (8192K)
 Metaspace       used 122577K, capacity 125964K, committed 126412K, reserved 1159168K
  class space    used 15823K, capacity 17089K, committed 17356K, reserved 1048576K
}
Event: 130.812 GC heap after
{Heap after GC invocations=49 (full 0):
 garbage-first heap   total 259072K, used 109460K [0x0000000080000000, 0x0000000100000000)
  region size 1024K, 1 young (1024K), 1 survivors (1024K)
 Metaspace       used 122577K, capacity 125964K, committed 126412K, reserved 1159168K
  class space    used 15823K, capacity 17089K, committed 17356K, reserved 1048576K
}
Event: 131.011 GC heap before
{Heap before GC invocations=49 (full 0):
 garbage-first heap   total 259072K, used 122772K [0x0000000080000000, 0x0000000100000000)
  region size 1024K, 15 young (15360K), 1 survivors (1024K)
 Metaspace       used 122611K, capacity 125965K, committed 126412K, reserved 1159168K
  class space    used 15825K, capacity 17089K, committed 17356K, reserved 1048576K
}
Event: 131.016 GC heap after
{Heap after GC invocations=50 (full 0):
 garbage-first heap   total 259072K, used 108945K [0x0000000080000000, 0x0000000100000000)
  region size 1024K, 1 young (1024K), 1 survivors (1024K)
 Metaspace       used 122611K, capacity 125965K, committed 126412K, reserved 1159168K
  class space    used 15825K, capacity 17089K, committed 17356K, reserved 1048576K
}
Event: 230.855 GC heap before
{Heap before GC invocations=51 (full 0):
 garbage-first heap   total 259072K, used 192913K [0x0000000080000000, 0x0000000100000000)
  region size 1024K, 79 young (80896K), 1 survivors (1024K)
 Metaspace       used 123616K, capacity 126957K, committed 127436K, reserved 1159168K
  class space    used 15851K, capacity 17132K, committed 17356K, reserved 1048576K
}
Event: 230.863 GC heap after
{Heap after GC invocations=52 (full 0):
 garbage-first heap   total 259072K, used 114714K [0x0000000080000000, 0x0000000100000000)
  region size 1024K, 7 young (7168K), 7 survivors (7168K)
 Metaspace       used 123616K, capacity 126957K, committed 127436K, reserved 1159168K
  class space    used 15851K, capacity 17132K, committed 17356K, reserved 1048576K
}
Event: 230.916 GC heap before
{Heap before GC invocations=52 (full 0):
 garbage-first heap   total 259072K, used 119834K [0x0000000080000000, 0x0000000100000000)
  region size 1024K, 12 young (12288K), 7 survivors (7168K)
 Metaspace       used 123616K, capacity 126957K, committed 127436K, reserved 1159168K
  class space    used 15851K, capacity 17132K, committed 17356K, reserved 1048576K
}
Event: 230.927 GC heap after
{Heap after GC invocations=53 (full 0):
 garbage-first heap   total 259072K, used 104246K [0x0000000080000000, 0x0000000100000000)
  region size 1024K, 1 young (1024K), 1 survivors (1024K)
 Metaspace       used 123616K, capacity 126957K, committed 127436K, reserved 1159168K
  class space    used 15851K, capacity 17132K, committed 17356K, reserved 1048576K
}
Event: 230.934 GC heap before
{Heap before GC invocations=53 (full 0):
 garbage-first heap   total 259072K, used 104246K [0x0000000080000000, 0x0000000100000000)
  region size 1024K, 2 young (2048K), 1 survivors (1024K)
 Metaspace       used 123620K, capacity 127021K, committed 127436K, reserved 1159168K
  class space    used 15851K, capacity 17132K, committed 17356K, reserved 1048576K
}
Event: 230.940 GC heap after
{Heap after GC invocations=54 (full 0):
 garbage-first heap   total 259072K, used 103972K [0x0000000080000000, 0x0000000100000000)
  region size 1024K, 1 young (1024K), 1 survivors (1024K)
 Metaspace       used 123620K, capacity 127021K, committed 127436K, reserved 1159168K
  class space    used 15851K, capacity 17132K, committed 17356K, reserved 1048576K
}

Deoptimization events (20 events):
Event: 231.043 Thread 0x0000020981db5000 DEOPT PACKING pc=0x00000209e7dacd34 sp=0x0000001e393fcb90
Event: 231.043 Thread 0x0000020981db5000 DEOPT UNPACKING pc=0x00000209e6c476ce sp=0x0000001e393fc050 mode 0
Event: 231.045 Thread 0x0000020981db5000 DEOPT PACKING pc=0x00000209e7dacd34 sp=0x0000001e393fcb90
Event: 231.046 Thread 0x0000020981db5000 DEOPT UNPACKING pc=0x00000209e6c476ce sp=0x0000001e393fc050 mode 0
Event: 231.059 Thread 0x0000020981db5000 DEOPT PACKING pc=0x00000209e7dacd34 sp=0x0000001e393fcb90
Event: 231.059 Thread 0x0000020981db5000 DEOPT UNPACKING pc=0x00000209e6c476ce sp=0x0000001e393fc050 mode 0
Event: 231.060 Thread 0x0000020981db5000 DEOPT PACKING pc=0x00000209e96789fc sp=0x0000001e393fcbf0
Event: 231.060 Thread 0x0000020981db5000 DEOPT UNPACKING pc=0x00000209e6c476ce sp=0x0000001e393fc0b8 mode 0
Event: 231.062 Thread 0x0000020981db5000 DEOPT PACKING pc=0x00000209e7dacd34 sp=0x0000001e393fcb90
Event: 231.062 Thread 0x0000020981db5000 DEOPT UNPACKING pc=0x00000209e6c476ce sp=0x0000001e393fc050 mode 0
Event: 231.065 Thread 0x0000020981db5000 DEOPT PACKING pc=0x00000209e7dacd34 sp=0x0000001e393fcb90
Event: 231.065 Thread 0x0000020981db5000 DEOPT UNPACKING pc=0x00000209e6c476ce sp=0x0000001e393fc050 mode 0
Event: 231.067 Thread 0x0000020981db5000 DEOPT PACKING pc=0x00000209e7dacd34 sp=0x0000001e393fcb90
Event: 231.067 Thread 0x0000020981db5000 DEOPT UNPACKING pc=0x00000209e6c476ce sp=0x0000001e393fc050 mode 0
Event: 231.069 Thread 0x0000020981db5000 DEOPT PACKING pc=0x00000209e96789fc sp=0x0000001e393fcb80
Event: 231.069 Thread 0x0000020981db5000 DEOPT UNPACKING pc=0x00000209e6c476ce sp=0x0000001e393fc048 mode 0
Event: 231.069 Thread 0x0000020981db5000 DEOPT PACKING pc=0x00000209e7dacd34 sp=0x0000001e393fcb90
Event: 231.069 Thread 0x0000020981db5000 DEOPT UNPACKING pc=0x00000209e6c476ce sp=0x0000001e393fc050 mode 0
Event: 231.075 Thread 0x0000020981db5000 DEOPT PACKING pc=0x00000209e7dacd34 sp=0x0000001e393fcb90
Event: 231.075 Thread 0x0000020981db5000 DEOPT UNPACKING pc=0x00000209e6c476ce sp=0x0000001e393fc050 mode 0

Classes redefined (0 events):
No events

Internal exceptions (20 events):
Event: 127.686 Thread 0x0000020981bb6000 Exception <a 'sun/nio/fs/WindowsException'{0x000000008d4dc748}> (0x000000008d4dc748) thrown at [./src/hotspot/share/prims/jni.cpp, line 615]
Event: 127.686 Thread 0x0000020981bb6000 Exception <a 'sun/nio/fs/WindowsException'{0x000000008d4dd818}> (0x000000008d4dd818) thrown at [./src/hotspot/share/prims/jni.cpp, line 615]
Event: 127.687 Thread 0x0000020981bb6000 Exception <a 'sun/nio/fs/WindowsException'{0x000000008d4de938}> (0x000000008d4de938) thrown at [./src/hotspot/share/prims/jni.cpp, line 615]
Event: 127.687 Thread 0x0000020981bb6000 Exception <a 'sun/nio/fs/WindowsException'{0x000000008d4dfa58}> (0x000000008d4dfa58) thrown at [./src/hotspot/share/prims/jni.cpp, line 615]
Event: 128.142 Thread 0x00000209810f9000 Exception <a 'java/lang/InterruptedException'{0x000000008c2efb30}> (0x000000008c2efb30) thrown at [./src/hotspot/share/runtime/objectMonitor.cpp, line 1635]
Event: 130.555 Thread 0x0000020980fd2800 Exception <a 'sun/nio/fs/WindowsException'{0x000000008b8e1118}> (0x000000008b8e1118) thrown at [./src/hotspot/share/prims/jni.cpp, line 615]
Event: 130.674 Thread 0x0000020980fd2800 Exception <a 'sun/nio/fs/WindowsException'{0x000000008b28ba18}> (0x000000008b28ba18) thrown at [./src/hotspot/share/prims/jni.cpp, line 615]
Event: 130.731 Thread 0x00000209fe498800 Exception <a 'sun/nio/fs/WindowsException'{0x000000008fb11040}> (0x000000008fb11040) thrown at [./src/hotspot/share/prims/jni.cpp, line 615]
Event: 130.753 Thread 0x00000209fe498800 Exception <a 'sun/nio/fs/WindowsException'{0x000000008fa4e5e0}> (0x000000008fa4e5e0) thrown at [./src/hotspot/share/prims/jni.cpp, line 615]
Event: 227.933 Thread 0x00000209872dd800 Exception <a 'sun/nio/fs/WindowsException'{0x000000008e10b3a8}> (0x000000008e10b3a8) thrown at [./src/hotspot/share/prims/jni.cpp, line 615]
Event: 228.112 Thread 0x00000209872dd800 Exception <a 'sun/nio/fs/WindowsException'{0x000000008d90ab08}> (0x000000008d90ab08) thrown at [./src/hotspot/share/prims/jni.cpp, line 615]
Event: 228.123 Thread 0x00000209872dd800 Exception <a 'sun/nio/fs/WindowsException'{0x000000008d9adec8}> (0x000000008d9adec8) thrown at [./src/hotspot/share/prims/jni.cpp, line 615]
Event: 228.123 Thread 0x00000209872dd800 Exception <a 'sun/nio/fs/WindowsException'{0x000000008d9aef98}> (0x000000008d9aef98) thrown at [./src/hotspot/share/prims/jni.cpp, line 615]
Event: 228.124 Thread 0x00000209872dd800 Exception <a 'sun/nio/fs/WindowsException'{0x000000008d9b00b8}> (0x000000008d9b00b8) thrown at [./src/hotspot/share/prims/jni.cpp, line 615]
Event: 228.124 Thread 0x00000209872dd800 Exception <a 'sun/nio/fs/WindowsException'{0x000000008d9b11d8}> (0x000000008d9b11d8) thrown at [./src/hotspot/share/prims/jni.cpp, line 615]
Event: 228.571 Thread 0x0000020981bb9800 Exception <a 'java/lang/InterruptedException'{0x000000008c7a5410}> (0x000000008c7a5410) thrown at [./src/hotspot/share/runtime/objectMonitor.cpp, line 1635]
Event: 230.561 Thread 0x0000020981bbe000 Exception <a 'sun/nio/fs/WindowsException'{0x000000008bf24d30}> (0x000000008bf24d30) thrown at [./src/hotspot/share/prims/jni.cpp, line 615]
Event: 230.653 Thread 0x0000020981bbe000 Exception <a 'sun/nio/fs/WindowsException'{0x000000008baddf98}> (0x000000008baddf98) thrown at [./src/hotspot/share/prims/jni.cpp, line 615]
Event: 230.681 Thread 0x0000020981db1000 Exception <a 'sun/nio/fs/WindowsException'{0x000000008b824300}> (0x000000008b824300) thrown at [./src/hotspot/share/prims/jni.cpp, line 615]
Event: 230.696 Thread 0x0000020981db1000 Exception <a 'sun/nio/fs/WindowsException'{0x000000008b753238}> (0x000000008b753238) thrown at [./src/hotspot/share/prims/jni.cpp, line 615]

Events (20 events):
Event: 231.216 Thread 0x0000020981bbc800 Thread exited: 0x0000020981bbc800
Event: 231.217 Executing VM operation: RevokeBias
Event: 231.217 Executing VM operation: RevokeBias done
Event: 231.217 Executing VM operation: RevokeBias
Event: 231.217 Executing VM operation: RevokeBias done
Event: 231.217 Executing VM operation: RevokeBias
Event: 231.217 Executing VM operation: RevokeBias done
Event: 231.217 Executing VM operation: RevokeBias
Event: 231.218 Executing VM operation: RevokeBias done
Event: 231.219 Executing VM operation: RevokeBias
Event: 231.219 Executing VM operation: RevokeBias done
Event: 231.219 Thread 0x00000209872e0800 Thread exited: 0x00000209872e0800
Event: 231.220 Executing VM operation: RevokeBias
Event: 231.220 Executing VM operation: RevokeBias done
Event: 231.220 Executing VM operation: RevokeBias
Event: 231.220 Executing VM operation: RevokeBias done
Event: 231.222 Executing VM operation: RevokeBias
Event: 231.222 Executing VM operation: RevokeBias done
Event: 231.223 Executing VM operation: RevokeBias
Event: 231.223 Executing VM operation: RevokeBias done


Dynamic libraries:
0x00007ff605500000 - 0x00007ff60550a000 	C:\Program Files\Android\Android Studio\jre\bin\java.exe
0x00007ffce4910000 - 0x00007ffce4b05000 	C:\WINDOWS\SYSTEM32\ntdll.dll
0x00007ffce2b20000 - 0x00007ffce2bde000 	C:\WINDOWS\System32\KERNEL32.DLL
0x00007ffce2160000 - 0x00007ffce2428000 	C:\WINDOWS\System32\KERNELBASE.dll
0x00007ffce2490000 - 0x00007ffce2590000 	C:\WINDOWS\System32\ucrtbase.dll
0x00007ffcd2c20000 - 0x00007ffcd2c37000 	C:\Program Files\Android\Android Studio\jre\bin\VCRUNTIME140.dll
0x00007ffcce900000 - 0x00007ffcce919000 	C:\Program Files\Android\Android Studio\jre\bin\jli.dll
0x00007ffce2950000 - 0x00007ffce2af1000 	C:\WINDOWS\System32\USER32.dll
0x00007ffce25e0000 - 0x00007ffce2602000 	C:\WINDOWS\System32\win32u.dll
0x00007ffcc92f0000 - 0x00007ffcc958a000 	C:\WINDOWS\WinSxS\amd64_microsoft.windows.common-controls_6595b64144ccf1df_6.0.19041.1110_none_60b5254171f9507e\COMCTL32.dll
0x00007ffce3070000 - 0x00007ffce309b000 	C:\WINDOWS\System32\GDI32.dll
0x00007ffce4730000 - 0x00007ffce47ce000 	C:\WINDOWS\System32\msvcrt.dll
0x00007ffce26e0000 - 0x00007ffce27ed000 	C:\WINDOWS\System32\gdi32full.dll
0x00007ffce2640000 - 0x00007ffce26dd000 	C:\WINDOWS\System32\msvcp_win.dll
0x00007ffce47d0000 - 0x00007ffce4800000 	C:\WINDOWS\System32\IMM32.DLL
0x00007ffcb8aa0000 - 0x00007ffcb8b3d000 	C:\Program Files\Android\Android Studio\jre\bin\msvcp140.dll
0x00007ffc85bc0000 - 0x00007ffc8668f000 	C:\Program Files\Android\Android Studio\jre\bin\server\jvm.dll
0x00007ffce31d0000 - 0x00007ffce327c000 	C:\WINDOWS\System32\ADVAPI32.dll
0x00007ffce3ac0000 - 0x00007ffce3b5b000 	C:\WINDOWS\System32\sechost.dll
0x00007ffce2be0000 - 0x00007ffce2d0a000 	C:\WINDOWS\System32\RPCRT4.dll
0x00007ffce2b10000 - 0x00007ffce2b18000 	C:\WINDOWS\System32\PSAPI.DLL
0x00007ffcd8eb0000 - 0x00007ffcd8eb9000 	C:\WINDOWS\SYSTEM32\WSOCK32.dll
0x00007ffccc800000 - 0x00007ffccc827000 	C:\WINDOWS\SYSTEM32\WINMM.dll
0x00007ffce30a0000 - 0x00007ffce310b000 	C:\WINDOWS\System32\WS2_32.dll
0x00007ffcd7340000 - 0x00007ffcd734a000 	C:\WINDOWS\SYSTEM32\VERSION.dll
0x00007ffce0890000 - 0x00007ffce08a2000 	C:\WINDOWS\SYSTEM32\kernel.appcore.dll
0x00007ffcd2be0000 - 0x00007ffcd2bf1000 	C:\Program Files\Android\Android Studio\jre\bin\verify.dll
0x00007ffcdcdc0000 - 0x00007ffcdcfa4000 	C:\WINDOWS\SYSTEM32\DBGHELP.DLL
0x00007ffcc4a40000 - 0x00007ffcc4a6c000 	C:\WINDOWS\SYSTEM32\dbgcore.DLL
0x00007ffce20d0000 - 0x00007ffce2152000 	C:\WINDOWS\System32\bcryptPrimitives.dll
0x00007ffccb380000 - 0x00007ffccb3a9000 	C:\Program Files\Android\Android Studio\jre\bin\java.dll
0x00007ffcd8ea0000 - 0x00007ffcd8eab000 	C:\Program Files\Android\Android Studio\jre\bin\jimage.dll
0x00007ffccb360000 - 0x00007ffccb378000 	C:\Program Files\Android\Android Studio\jre\bin\zip.dll
0x00007ffce3360000 - 0x00007ffce3aa4000 	C:\WINDOWS\System32\SHELL32.dll
0x00007ffcdcfb0000 - 0x00007ffcdd744000 	C:\WINDOWS\SYSTEM32\windows.storage.dll
0x00007ffce2d10000 - 0x00007ffce3065000 	C:\WINDOWS\System32\combase.dll
0x00007ffce1a70000 - 0x00007ffce1a9e000 	C:\WINDOWS\SYSTEM32\Wldp.dll
0x00007ffce4490000 - 0x00007ffce453d000 	C:\WINDOWS\System32\SHCORE.dll
0x00007ffce4540000 - 0x00007ffce4595000 	C:\WINDOWS\System32\shlwapi.dll
0x00007ffce1f60000 - 0x00007ffce1f7f000 	C:\WINDOWS\SYSTEM32\profapi.dll
0x00007ffcc9e80000 - 0x00007ffcc9e9a000 	C:\Program Files\Android\Android Studio\jre\bin\net.dll
0x00007ffccf950000 - 0x00007ffccfa5c000 	C:\WINDOWS\SYSTEM32\WINHTTP.dll
0x00007ffce17d0000 - 0x00007ffce183a000 	C:\WINDOWS\system32\mswsock.dll
0x00007ffcc9d50000 - 0x00007ffcc9d64000 	C:\Program Files\Android\Android Studio\jre\bin\nio.dll
0x00007ffcd6a80000 - 0x00007ffcd6aa7000 	C:\Users\aikak\.gradle\native\8bec1ad78214c89d9ad589b4d07fe93259594b29d510b10fafb7a158f7737e5d\windows-amd64\native-platform.dll
0x00007ffc9baf0000 - 0x00007ffc9bc2d000 	C:\Users\aikak\.gradle\native\53dbd7edfb1c66fb8903c78663c9afc45aea4f116125fa6feffd364cf09443e8\windows-amd64\native-platform-file-events.dll
0x00007ffcd8e30000 - 0x00007ffcd8e3a000 	C:\Program Files\Android\Android Studio\jre\bin\management.dll
0x00007ffcd8630000 - 0x00007ffcd863c000 	C:\Program Files\Android\Android Studio\jre\bin\management_ext.dll
0x00007ffce19d0000 - 0x00007ffce19e8000 	C:\WINDOWS\SYSTEM32\CRYPTSP.dll
0x00007ffce10e0000 - 0x00007ffce1114000 	C:\WINDOWS\system32\rsaenh.dll
0x00007ffce2610000 - 0x00007ffce2637000 	C:\WINDOWS\System32\bcrypt.dll
0x00007ffce1f20000 - 0x00007ffce1f4e000 	C:\WINDOWS\SYSTEM32\USERENV.dll
0x00007ffce19c0000 - 0x00007ffce19cc000 	C:\WINDOWS\SYSTEM32\CRYPTBASE.dll
0x00007ffce1470000 - 0x00007ffce14ab000 	C:\WINDOWS\SYSTEM32\IPHLPAPI.DLL
0x00007ffce2b00000 - 0x00007ffce2b08000 	C:\WINDOWS\System32\NSI.dll
0x00007ffcd7370000 - 0x00007ffcd7387000 	C:\WINDOWS\SYSTEM32\dhcpcsvc6.DLL
0x00007ffcd7350000 - 0x00007ffcd736d000 	C:\WINDOWS\SYSTEM32\dhcpcsvc.DLL
0x00007ffce14b0000 - 0x00007ffce157b000 	C:\WINDOWS\SYSTEM32\DNSAPI.dll
0x00007ffcce8e0000 - 0x00007ffcce8fe000 	C:\Users\aikak\AppData\Local\Temp\native-platform6924154682528152802dir\native-platform.dll
0x00007ffcdcb40000 - 0x00007ffcdcb48000 	C:\Program Files\Android\Android Studio\jre\bin\rmi.dll
0x00007ffcbd6b0000 - 0x00007ffcbd6d7000 	C:\Program Files\Android\Android Studio\jre\bin\sunec.dll

dbghelp: loaded successfully - version: 4.0.5 - missing functions: none
symbol engine: initialized successfully - sym options: 0x614 - pdb path: .;C:\Program Files\Android\Android Studio\jre\bin;C:\WINDOWS\SYSTEM32;C:\WINDOWS\WinSxS\amd64_microsoft.windows.common-controls_6595b64144ccf1df_6.0.19041.1110_none_60b5254171f9507e;C:\Program Files\Android\Android Studio\jre\bin\server;C:\Users\aikak\.gradle\native\8bec1ad78214c89d9ad589b4d07fe93259594b29d510b10fafb7a158f7737e5d\windows-amd64;C:\Users\aikak\.gradle\native\53dbd7edfb1c66fb8903c78663c9afc45aea4f116125fa6feffd364cf09443e8\windows-amd64;C:\Users\aikak\AppData\Local\Temp\native-platform6924154682528152802dir

VM Arguments:
jvm_args: --add-opens=java.base/java.util=ALL-UNNAMED --add-opens=java.base/java.lang=ALL-UNNAMED --add-opens=java.base/java.lang.invoke=ALL-UNNAMED --add-opens=java.base/java.util=ALL-UNNAMED --add-opens=java.prefs/java.util.prefs=ALL-UNNAMED --add-opens=java.prefs/java.util.prefs=ALL-UNNAMED --add-opens=java.base/java.nio.charset=ALL-UNNAMED --add-opens=java.base/java.net=ALL-UNNAMED --add-opens=java.base/java.util.concurrent.atomic=ALL-UNNAMED -Xmx2048m -Dfile.encoding=UTF-8 -Duser.country=RU -Duser.language=ru -Duser.variant 
java_command: org.gradle.launcher.daemon.bootstrap.GradleDaemon 7.0.2
java_class_path (initial): C:\Users\aikak\.gradle\wrapper\dists\gradle-7.0.2-bin\857tjihv64xamwrf0h14cai3r\gradle-7.0.2\lib\gradle-launcher-7.0.2.jar
Launcher Type: SUN_STANDARD

[Global flags]
     intx CICompilerCount                          = 4                                         {product} {ergonomic}
     uint ConcGCThreads                            = 2                                         {product} {ergonomic}
     uint G1ConcRefinementThreads                  = 8                                         {product} {ergonomic}
   size_t G1HeapRegionSize                         = 1048576                                   {product} {ergonomic}
    uintx GCDrainStackTargetSize                   = 64                                        {product} {ergonomic}
   size_t InitialHeapSize                          = 132120576                                 {product} {ergonomic}
   size_t MarkStackSize                            = 4194304                                   {product} {ergonomic}
   size_t MaxHeapSize                              = 2147483648                                {product} {command line}
   size_t MaxNewSize                               = 1287651328                                {product} {ergonomic}
   size_t MinHeapDeltaBytes                        = 1048576                                   {product} {ergonomic}
    uintx NonNMethodCodeHeapSize                   = 5836300                                {pd product} {ergonomic}
    uintx NonProfiledCodeHeapSize                  = 122910970                              {pd product} {ergonomic}
    uintx ProfiledCodeHeapSize                     = 122910970                              {pd product} {ergonomic}
    uintx ReservedCodeCacheSize                    = 251658240                              {pd product} {ergonomic}
     bool SegmentedCodeCache                       = true                                      {product} {ergonomic}
     bool UseCompressedClassPointers               = true                                 {lp64_product} {ergonomic}
     bool UseCompressedOops                        = true                                 {lp64_product} {ergonomic}
     bool UseG1GC                                  = true                                      {product} {ergonomic}
     bool UseLargePagesIndividualAllocation        = false                                  {pd product} {ergonomic}

Logging:
Log output configuration:
 #0: stdout all=warning uptime,level,tags
 #1: stderr all=off uptime,level,tags

Environment Variables:
PATH=C:\Program Files (x86)\Common Files\Oracle\Java\javapath;C:\ProgramData\Oracle\Java\javapath;C:\Windows\system32;C:\Windows;C:\Windows\System32\Wbem;C:\Windows\System32\WindowsPowerShell\v1.0\;C:\Windows\System32\OpenSSH\;C:\Program Files (x86)\NVIDIA Corporation\PhysX\Common;C:\Program Files\Intel\WiFi\bin\;C:\Program Files\Common Files\Intel\WirelessCommon\;C:\Program Files\dotnet\;C:\WINDOWS\system32;C:\WINDOWS;C:\WINDOWS\System32\Wbem;C:\WINDOWS\System32\WindowsPowerShell\v1.0\;C:\WINDOWS\System32\OpenSSH\;C:\Program Files\Git\cmd;C:\Users\aikak\AppData\Local\Programs\Python\Python38-32\Scripts\;C:\Users\aikak\AppData\Local\Programs\Python\Python38-32\;C:\Users\aikak\AppData\Local\Microsoft\WindowsApps;C:\Users\aikak\.dotnet\tools;C:\Users\aikak\AppData\Local\atom\bin;C:\Users\aikak\AppData\Local\Programs\Microsoft VS Code\bin
USERNAME=Адиль Жексенгалиев
OS=Windows_NT
PROCESSOR_IDENTIFIER=Intel64 Family 6 Model 142 Stepping 12, GenuineIntel



---------------  S Y S T E M  ---------------

OS: Windows 10 , 64 bit Build 19041 (10.0.19041.1348)
OS uptime: 3 days 5:04 hours

CPU:total 8 (initial active 8) (4 cores per cpu, 2 threads per core) family 6 model 142 stepping 12 microcode 0xb8, cmov, cx8, fxsr, mmx, sse, sse2, sse3, ssse3, sse4.1, sse4.2, popcnt, avx, avx2, aes, clmul, erms, 3dnowpref, lzcnt, ht, tsc, tscinvbit, bmi1, bmi2, adx, fma

Memory: 4k page, system-wide physical 8043M (885M free)
TotalPageFile size 10059M (AvailPageFile size 324M)
current process WorkingSet (physical memory assigned to process): 607M, peak: 623M
current process commit charge ("private bytes"): 639M, peak: 661M

vm_info: OpenJDK 64-Bit Server VM (11.0.10+0-b96-7249189) for windows-amd64 JRE (11.0.10+0-b96-7249189), built on Mar 31 2021 21:44:00 by "builder" with MS VC++ 14.0 (VS2015)

END.
